"D:/Proyectos Unreal Engine/BunnyCorp/Content/Geometry/Characters/Enriqueta/Meshes/Happy_Idle_Skeleton.uasset" 0
"D:/Proyectos Unreal Engine/BunnyCorp/Content/Geometry/Characters/Enriqueta/Meshes/Happy_Idle_Skeleton.uexp" 1
"D:/Proyectos Unreal Engine/BunnyCorp/Content/Geometry/Characters/Enriqueta/Meshes/Happy_Idle_PhysicsAsset.uasset" 2
"D:/Proyectos Unreal Engine/BunnyCorp/Content/Geometry/Characters/Enriqueta/Meshes/Happy_Idle_PhysicsAsset.uexp" 3
"D:/Proyectos Unreal Engine/BunnyCorp/Content/Geometry/Characters/Enriqueta/Textures/T_Enriqueta_low_Enriqueta_mat_OcclusionRoughnessMetallic.uasset" 4
"D:/Proyectos Unreal Engine/BunnyCorp/Content/Geometry/Characters/Enriqueta/Textures/T_Enriqueta_low_Enriqueta_mat_OcclusionRoughnessMetallic.uexp" 5
"D:/Proyectos Unreal Engine/BunnyCorp/Content/Geometry/Characters/Enriqueta/Textures/T_Enriqueta_low_Enriqueta_mat_OcclusionRoughnessMetallic.ubulk" 6
"D:/Proyectos Unreal Engine/BunnyCorp/Content/Geometry/Characters/Enriqueta/Textures/T_Enriqueta_low_Enriqueta_mat_Normal.uasset" 7
"D:/Proyectos Unreal Engine/BunnyCorp/Content/Geometry/Characters/Enriqueta/Textures/T_Enriqueta_low_Enriqueta_mat_Normal.uexp" 8
"D:/Proyectos Unreal Engine/BunnyCorp/Content/Geometry/Characters/Enriqueta/Textures/T_Enriqueta_low_Enriqueta_mat_Normal.ubulk" 9
"D:/Proyectos Unreal Engine/BunnyCorp/Content/Geometry/Characters/Enriqueta/Textures/T_Enriqueta_low_Enriqueta_mat_BaseColor.uasset" 10
"D:/Proyectos Unreal Engine/BunnyCorp/Content/Geometry/Characters/Enriqueta/Textures/T_Enriqueta_low_Enriqueta_mat_BaseColor.uexp" 11
"D:/Proyectos Unreal Engine/BunnyCorp/Content/Geometry/Characters/Enriqueta/Textures/T_Enriqueta_low_Enriqueta_mat_BaseColor.ubulk" 12
"D:/Proyectos Unreal Engine/BunnyCorp/Content/Geometry/Characters/Enriqueta/Materials/M_Enriqueta.uasset" 13
"D:/Proyectos Unreal Engine/BunnyCorp/Content/Geometry/Characters/Enriqueta/Materials/M_Enriqueta.uexp" 14
"D:/Proyectos Unreal Engine/BunnyCorp/Content/Geometry/Characters/Enriqueta/Meshes/Happy_Idle.uasset" 15
"D:/Proyectos Unreal Engine/BunnyCorp/Content/Geometry/Characters/Enriqueta/Meshes/Happy_Idle.uexp" 16
"../../../Engine/Content/Animation/DefaultAnimCurveCompressionSettings.uasset" 17
"../../../Engine/Content/Animation/DefaultAnimCurveCompressionSettings.uexp" 18
"../../../Engine/Content/Animation/DefaultAnimBoneCompressionSettings.uasset" 19
"../../../Engine/Content/Animation/DefaultAnimBoneCompressionSettings.uexp" 20
"D:/Proyectos Unreal Engine/BunnyCorp/Content/Geometry/Characters/Enriqueta/Animations/Enriqueta_Jog_Forward_Anim_mixamo_com.uasset" 21
"D:/Proyectos Unreal Engine/BunnyCorp/Content/Geometry/Characters/Enriqueta/Animations/Enriqueta_Jog_Forward_Anim_mixamo_com.uexp" 22
"D:/Proyectos Unreal Engine/BunnyCorp/Content/Geometry/Characters/Enriqueta/Animations/Happy_Idle_Anim_mixamo_com.uasset" 23
"D:/Proyectos Unreal Engine/BunnyCorp/Content/Geometry/Characters/Enriqueta/Animations/Happy_Idle_Anim_mixamo_com.uexp" 24
"D:/Proyectos Unreal Engine/BunnyCorp/Content/Geometry/Characters/Enriqueta/Animations/BS_IdleWalk.uasset" 25
"D:/Proyectos Unreal Engine/BunnyCorp/Content/Geometry/Characters/Enriqueta/Animations/BS_IdleWalk.uexp" 26
"D:/Proyectos Unreal Engine/BunnyCorp/Content/Geometry/Characters/Enriqueta/Animations/Enriqueta_Jump_Anim_mixamo_com.uasset" 27
"D:/Proyectos Unreal Engine/BunnyCorp/Content/Geometry/Characters/Enriqueta/Animations/Enriqueta_Jump_Anim_mixamo_com.uexp" 28
"D:/Proyectos Unreal Engine/BunnyCorp/Content/Geometry/Characters/Enriqueta/Animations/ABP_Enriqueta.uasset" 29
"D:/Proyectos Unreal Engine/BunnyCorp/Content/Geometry/Characters/Enriqueta/Animations/ABP_Enriqueta.uexp" 30
"D:/Proyectos Unreal Engine/BunnyCorp/Content/Blueprints/Interfaces/BI_ActionInterface.uasset" 31
"D:/Proyectos Unreal Engine/BunnyCorp/Content/Blueprints/Interfaces/BI_ActionInterface.uexp" 32
"D:/Proyectos Unreal Engine/BunnyCorp/Content/Blueprints/Actors/InteractInterface.uasset" 33
"D:/Proyectos Unreal Engine/BunnyCorp/Content/Blueprints/Actors/InteractInterface.uexp" 34
"../../../Engine/Content/EditorBlueprintResources/StandardMacros.uasset" 35
"../../../Engine/Content/EditorBlueprintResources/StandardMacros.uexp" 36
"D:/Proyectos Unreal Engine/BunnyCorp/Content/Geometry/Characters/Pedro/Meshes/Pedro_Animation_PhysicsAsset.uasset" 37
"D:/Proyectos Unreal Engine/BunnyCorp/Content/Geometry/Characters/Pedro/Meshes/Pedro_Animation_PhysicsAsset.uexp" 38
"D:/Proyectos Unreal Engine/BunnyCorp/Content/Geometry/Characters/Pedro/Textures/pedro_low_eyes_sneakers_OcclusionRoughnessMetallic.uasset" 39
"D:/Proyectos Unreal Engine/BunnyCorp/Content/Geometry/Characters/Pedro/Textures/pedro_low_eyes_sneakers_OcclusionRoughnessMetallic.uexp" 40
"D:/Proyectos Unreal Engine/BunnyCorp/Content/Geometry/Characters/Pedro/Textures/pedro_low_eyes_sneakers_OcclusionRoughnessMetallic.ubulk" 41
"D:/Proyectos Unreal Engine/BunnyCorp/Content/Geometry/Characters/Pedro/Textures/pedro_low_eyes_sneakers_Normal.uasset" 42
"D:/Proyectos Unreal Engine/BunnyCorp/Content/Geometry/Characters/Pedro/Textures/pedro_low_eyes_sneakers_Normal.uexp" 43
"D:/Proyectos Unreal Engine/BunnyCorp/Content/Geometry/Characters/Pedro/Textures/pedro_low_eyes_sneakers_Normal.ubulk" 44
"D:/Proyectos Unreal Engine/BunnyCorp/Content/Geometry/Characters/Pedro/Textures/pedro_low_eyes_sneakers_BaseColor.uasset" 45
"D:/Proyectos Unreal Engine/BunnyCorp/Content/Geometry/Characters/Pedro/Textures/pedro_low_eyes_sneakers_BaseColor.uexp" 46
"D:/Proyectos Unreal Engine/BunnyCorp/Content/Geometry/Characters/Pedro/Textures/pedro_low_eyes_sneakers_BaseColor.ubulk" 47
"D:/Proyectos Unreal Engine/BunnyCorp/Content/Geometry/Characters/Pedro/Materials/M_Pedro_Sneakers_eyes.uasset" 48
"D:/Proyectos Unreal Engine/BunnyCorp/Content/Geometry/Characters/Pedro/Materials/M_Pedro_Sneakers_eyes.uexp" 49
"D:/Proyectos Unreal Engine/BunnyCorp/Content/Geometry/Characters/Pedro/Textures/pedro_low_body_clothes_OcclusionRoughnessMetallic.uasset" 50
"D:/Proyectos Unreal Engine/BunnyCorp/Content/Geometry/Characters/Pedro/Textures/pedro_low_body_clothes_OcclusionRoughnessMetallic.uexp" 51
"D:/Proyectos Unreal Engine/BunnyCorp/Content/Geometry/Characters/Pedro/Textures/pedro_low_body_clothes_OcclusionRoughnessMetallic.ubulk" 52
"D:/Proyectos Unreal Engine/BunnyCorp/Content/Geometry/Characters/Pedro/Textures/pedro_low_body_clothes_Normal.uasset" 53
"D:/Proyectos Unreal Engine/BunnyCorp/Content/Geometry/Characters/Pedro/Textures/pedro_low_body_clothes_Normal.uexp" 54
"D:/Proyectos Unreal Engine/BunnyCorp/Content/Geometry/Characters/Pedro/Textures/pedro_low_body_clothes_Normal.ubulk" 55
"D:/Proyectos Unreal Engine/BunnyCorp/Content/Geometry/Characters/Pedro/Textures/pedro_low_body_clothes_BaseColor.uasset" 56
"D:/Proyectos Unreal Engine/BunnyCorp/Content/Geometry/Characters/Pedro/Textures/pedro_low_body_clothes_BaseColor.uexp" 57
"D:/Proyectos Unreal Engine/BunnyCorp/Content/Geometry/Characters/Pedro/Textures/pedro_low_body_clothes_BaseColor.ubulk" 58
"D:/Proyectos Unreal Engine/BunnyCorp/Content/Geometry/Characters/Pedro/Materials/M_PedroBody.uasset" 59
"D:/Proyectos Unreal Engine/BunnyCorp/Content/Geometry/Characters/Pedro/Materials/M_PedroBody.uexp" 60
"D:/Proyectos Unreal Engine/BunnyCorp/Content/Geometry/Characters/Pedro/Meshes/Pedro_Animation_Skeleton.uasset" 61
"D:/Proyectos Unreal Engine/BunnyCorp/Content/Geometry/Characters/Pedro/Meshes/Pedro_Animation_Skeleton.uexp" 62
"D:/Proyectos Unreal Engine/BunnyCorp/Content/Geometry/Characters/Pedro/Meshes/Pedro_Animation.uasset" 63
"D:/Proyectos Unreal Engine/BunnyCorp/Content/Geometry/Characters/Pedro/Meshes/Pedro_Animation.uexp" 64
"D:/Proyectos Unreal Engine/BunnyCorp/Content/Geometry/Characters/Pedro/Animation/Pedro_Animation_Anim.uasset" 65
"D:/Proyectos Unreal Engine/BunnyCorp/Content/Geometry/Characters/Pedro/Animation/Pedro_Animation_Anim.uexp" 66
"D:/Proyectos Unreal Engine/BunnyCorp/Content/Geometry/Characters/Pedro/Animation/Pedro_Run.uasset" 67
"D:/Proyectos Unreal Engine/BunnyCorp/Content/Geometry/Characters/Pedro/Animation/Pedro_Run.uexp" 68
"D:/Proyectos Unreal Engine/BunnyCorp/Content/Geometry/Characters/Pedro/Animation/BS_Pedro.uasset" 69
"D:/Proyectos Unreal Engine/BunnyCorp/Content/Geometry/Characters/Pedro/Animation/BS_Pedro.uexp" 70
"D:/Proyectos Unreal Engine/BunnyCorp/Content/Geometry/Characters/Pedro/Animation/Pedro_Jump_Anim.uasset" 71
"D:/Proyectos Unreal Engine/BunnyCorp/Content/Geometry/Characters/Pedro/Animation/Pedro_Jump_Anim.uexp" 72
"D:/Proyectos Unreal Engine/BunnyCorp/Content/Geometry/Characters/Pedro/Animation/ABP_Pedro.uasset" 73
"D:/Proyectos Unreal Engine/BunnyCorp/Content/Geometry/Characters/Pedro/Animation/ABP_Pedro.uexp" 74
"D:/Proyectos Unreal Engine/BunnyCorp/Content/Geometry/Props/Box/box_low_Box_Mat_OcclusionRoughnessMetallic.uasset" 75
"D:/Proyectos Unreal Engine/BunnyCorp/Content/Geometry/Props/Box/box_low_Box_Mat_OcclusionRoughnessMetallic.uexp" 76
"D:/Proyectos Unreal Engine/BunnyCorp/Content/Geometry/Props/Box/box_low_Box_Mat_OcclusionRoughnessMetallic.ubulk" 77
"D:/Proyectos Unreal Engine/BunnyCorp/Content/Geometry/Props/Box/box_low_Box_Mat_Normal.uasset" 78
"D:/Proyectos Unreal Engine/BunnyCorp/Content/Geometry/Props/Box/box_low_Box_Mat_Normal.uexp" 79
"D:/Proyectos Unreal Engine/BunnyCorp/Content/Geometry/Props/Box/box_low_Box_Mat_Normal.ubulk" 80
"D:/Proyectos Unreal Engine/BunnyCorp/Content/Geometry/Props/Box/box_low_Box_Mat_BaseColor.uasset" 81
"D:/Proyectos Unreal Engine/BunnyCorp/Content/Geometry/Props/Box/box_low_Box_Mat_BaseColor.uexp" 82
"D:/Proyectos Unreal Engine/BunnyCorp/Content/Geometry/Props/Box/box_low_Box_Mat_BaseColor.ubulk" 83
"D:/Proyectos Unreal Engine/BunnyCorp/Content/Geometry/Props/Box/M_Box.uasset" 84
"D:/Proyectos Unreal Engine/BunnyCorp/Content/Geometry/Props/Box/M_Box.uexp" 85
"D:/Proyectos Unreal Engine/BunnyCorp/Content/Geometry/Props/Box/box_low.uasset" 86
"D:/Proyectos Unreal Engine/BunnyCorp/Content/Geometry/Props/Box/box_low.uexp" 87
"D:/Proyectos Unreal Engine/BunnyCorp/Content/Blueprints/Actors/BI_InteractInterface.uasset" 88
"D:/Proyectos Unreal Engine/BunnyCorp/Content/Blueprints/Actors/BI_InteractInterface.uexp" 89
"D:/Proyectos Unreal Engine/BunnyCorp/Content/Blueprints/Actors/BP_Pushable.uasset" 90
"D:/Proyectos Unreal Engine/BunnyCorp/Content/Blueprints/Actors/BP_Pushable.uexp" 91
"D:/Proyectos Unreal Engine/BunnyCorp/Content/Blueprints/Components/AC_Push.uasset" 92
"D:/Proyectos Unreal Engine/BunnyCorp/Content/Blueprints/Components/AC_Push.uexp" 93
"D:/Proyectos Unreal Engine/BunnyCorp/Content/Blueprints/Character/BP_PedroCharacter.uasset" 94
"D:/Proyectos Unreal Engine/BunnyCorp/Content/Blueprints/Character/BP_PedroCharacter.uexp" 95
"D:/Proyectos Unreal Engine/BunnyCorp/Content/Blueprints/Character/bp_CharacterSwapper.uasset" 96
"D:/Proyectos Unreal Engine/BunnyCorp/Content/Blueprints/Character/bp_CharacterSwapper.uexp" 97
"D:/Proyectos Unreal Engine/BunnyCorp/Content/Blueprints/Character/BP_EnriquetaCharacter.uasset" 98
"D:/Proyectos Unreal Engine/BunnyCorp/Content/Blueprints/Character/BP_EnriquetaCharacter.uexp" 99
"D:/Proyectos Unreal Engine/BunnyCorp/Content/Blueprints/GameStates/BunnyCorpGameState.uasset" 100
"D:/Proyectos Unreal Engine/BunnyCorp/Content/Blueprints/GameStates/BunnyCorpGameState.uexp" 101
"D:/Proyectos Unreal Engine/BunnyCorp/Content/Blueprints/GameModes/BunnyCorp_GameMode.uasset" 102
"D:/Proyectos Unreal Engine/BunnyCorp/Content/Blueprints/GameModes/BunnyCorp_GameMode.uexp" 103
"../../../Engine/Content/EngineMaterials/T_Default_Material_Grid_N.uasset" 104
"../../../Engine/Content/EngineMaterials/T_Default_Material_Grid_N.uexp" 105
"../../../Engine/Content/EngineMaterials/T_Default_Material_Grid_N.ubulk" 106
"../../../Engine/Content/EngineMaterials/T_Default_Material_Grid_M.uasset" 107
"../../../Engine/Content/EngineMaterials/T_Default_Material_Grid_M.uexp" 108
"../../../Engine/Content/EngineMaterials/T_Default_Material_Grid_M.ubulk" 109
"../../../Engine/Content/Functions/Engine_MaterialFunctions01/Opacity/CameraDepthFade.uasset" 110
"../../../Engine/Content/Functions/Engine_MaterialFunctions01/Opacity/CameraDepthFade.uexp" 111
"../../../Engine/Content/EngineMaterials/WorldGridMaterial.uasset" 112
"../../../Engine/Content/EngineMaterials/WorldGridMaterial.uexp" 113
"../../../Engine/Content/ArtTools/RenderToTexture/Meshes/S_1_Unit_Plane.uasset" 114
"../../../Engine/Content/ArtTools/RenderToTexture/Meshes/S_1_Unit_Plane.uexp" 115
"../../../Engine/Content/EngineMaterials/DefaultMaterial.uasset" 116
"../../../Engine/Content/EngineMaterials/DefaultMaterial.uexp" 117
"../../../Engine/Content/BasicShapes/Cone.uasset" 118
"../../../Engine/Content/BasicShapes/Cone.uexp" 119
"../../../Engine/Content/BasicShapes/Cube.uasset" 120
"../../../Engine/Content/BasicShapes/Cube.uexp" 121
"../../../Engine/Content/BasicShapes/Plane.uasset" 122
"../../../Engine/Content/BasicShapes/Plane.uexp" 123
"../../../Engine/Content/BasicShapes/Sphere.uasset" 124
"../../../Engine/Content/BasicShapes/Sphere.uexp" 125
"../../../Engine/Content/EditorLandscapeResources/DataLayer.uasset" 126
"../../../Engine/Content/EditorLandscapeResources/DataLayer.uexp" 127
"../../../Engine/Content/EditorLandscapeResources/DefaultAlphaTexture.uasset" 128
"../../../Engine/Content/EditorLandscapeResources/DefaultAlphaTexture.uexp" 129
"../../../Engine/Content/EditorMaterials/MAT_Groups_Toggle.uasset" 130
"../../../Engine/Content/EditorMaterials/MAT_Groups_Toggle.uexp" 131
"../../../Engine/Content/EditorMaterials/MAT_Groups_Visibility.uasset" 132
"../../../Engine/Content/EditorMaterials/MAT_Groups_Visibility.uexp" 133
"../../../Engine/Content/EditorMaterials/PreviewShadowIndicator.uasset" 134
"../../../Engine/Content/EditorMaterials/PreviewShadowIndicator.uexp" 135
"../../../Engine/Content/EditorMaterials/PreviewShadowIndicator.ubulk" 136
"../../../Engine/Content/EditorMaterials/PreviewShadowIndicatorMaterial.uasset" 137
"../../../Engine/Content/EditorMaterials/PreviewShadowIndicatorMaterial.uexp" 138
"../../../Engine/Content/EditorMaterials/MatineeGroups/MAT_ColorTrack.uasset" 139
"../../../Engine/Content/EditorMaterials/MatineeGroups/MAT_ColorTrack.uexp" 140
"../../../Engine/Content/EditorMaterials/MatineeGroups/MAT_Groups_Anim.uasset" 141
"../../../Engine/Content/EditorMaterials/MatineeGroups/MAT_Groups_Anim.uexp" 142
"../../../Engine/Content/EditorMaterials/MatineeGroups/MAT_Groups_AudioMaster.uasset" 143
"../../../Engine/Content/EditorMaterials/MatineeGroups/MAT_Groups_AudioMaster.uexp" 144
"../../../Engine/Content/EditorMaterials/MatineeGroups/MAT_Groups_Director.uasset" 145
"../../../Engine/Content/EditorMaterials/MatineeGroups/MAT_Groups_Director.uexp" 146
"../../../Engine/Content/EditorMaterials/MatineeGroups/MAT_Groups_Event.uasset" 147
"../../../Engine/Content/EditorMaterials/MatineeGroups/MAT_Groups_Event.uexp" 148
"../../../Engine/Content/EditorMaterials/MatineeGroups/MAT_Groups_Fade.uasset" 149
"../../../Engine/Content/EditorMaterials/MatineeGroups/MAT_Groups_Fade.uexp" 150
"../../../Engine/Content/EditorMaterials/MatineeGroups/MAT_Groups_Float.uasset" 151
"../../../Engine/Content/EditorMaterials/MatineeGroups/MAT_Groups_Float.uexp" 152
"../../../Engine/Content/EditorMaterials/MatineeGroups/MAT_Groups_Move.uasset" 153
"../../../Engine/Content/EditorMaterials/MatineeGroups/MAT_Groups_Move.uexp" 154
"../../../Engine/Content/EditorMaterials/MatineeGroups/MAT_Groups_Slomo.uasset" 155
"../../../Engine/Content/EditorMaterials/MatineeGroups/MAT_Groups_Slomo.uexp" 156
"../../../Engine/Content/EditorMaterials/MatineeGroups/MAT_Groups_Sound.uasset" 157
"../../../Engine/Content/EditorMaterials/MatineeGroups/MAT_Groups_Sound.uexp" 158
"../../../Engine/Content/EditorMaterials/MatineeGroups/MAT_Groups_Vector.uasset" 159
"../../../Engine/Content/EditorMaterials/MatineeGroups/MAT_Groups_Vector.uexp" 160
"../../../Engine/Content/EditorMaterials/ParticleSystems/PSysThumbnail_NoImage.uasset" 161
"../../../Engine/Content/EditorMaterials/ParticleSystems/PSysThumbnail_NoImage.uexp" 162
"../../../Engine/Content/EditorMaterials/ParticleSystems/PSysThumbnail_NoImage.ubulk" 163
"../../../Engine/Content/EditorMaterials/ParticleSystems/PSysThumbnail_OOD.uasset" 164
"../../../Engine/Content/EditorMaterials/ParticleSystems/PSysThumbnail_OOD.uexp" 165
"../../../Engine/Content/EditorMaterials/ParticleSystems/PSysThumbnail_OOD.ubulk" 166
"../../../Engine/Content/EditorMaterials/Camera/CineMat.uasset" 167
"../../../Engine/Content/EditorMaterials/Camera/CineMat.uexp" 168
"../../../Engine/Content/EditorMaterials/Camera/MI_CineMat_Rig.uasset" 169
"../../../Engine/Content/EditorMaterials/Camera/MI_CineMat_Rig.uexp" 170
"../../../Engine/Content/EditorMeshes/Camera/SM_CraneRig_Arm.uasset" 171
"../../../Engine/Content/EditorMeshes/Camera/SM_CraneRig_Arm.uexp" 172
"../../../Engine/Content/EditorMeshes/Camera/SM_CraneRig_Base.uasset" 173
"../../../Engine/Content/EditorMeshes/Camera/SM_CraneRig_Base.uexp" 174
"../../../Engine/Content/EditorMeshes/Camera/SM_CraneRig_Body.uasset" 175
"../../../Engine/Content/EditorMeshes/Camera/SM_CraneRig_Body.uexp" 176
"../../../Engine/Content/EditorMeshes/Camera/SM_CraneRig_Mount.uasset" 177
"../../../Engine/Content/EditorMeshes/Camera/SM_CraneRig_Mount.uexp" 178
"../../../Engine/Content/EditorMeshes/Camera/SM_RailRig_Mount.uasset" 179
"../../../Engine/Content/EditorMeshes/Camera/SM_RailRig_Mount.uexp" 180
"../../../Engine/Content/EditorMeshes/Camera/SM_RailRig_Track.uasset" 181
"../../../Engine/Content/EditorMeshes/Camera/SM_RailRig_Track.uexp" 182
"../../../Engine/Content/EditorResources/BSPVertex.uasset" 183
"../../../Engine/Content/EditorResources/BSPVertex.uexp" 184
"../../../Engine/Content/EditorResources/EmptyActor.uasset" 185
"../../../Engine/Content/EditorResources/EmptyActor.uexp" 186
"../../../Engine/Content/EditorResources/S_Actor.uasset" 187
"../../../Engine/Content/EditorResources/S_Actor.uexp" 188
"../../../Engine/Content/EditorResources/S_Actor.ubulk" 189
"../../../Engine/Content/EditorResources/S_Note.uasset" 190
"../../../Engine/Content/EditorResources/S_Note.uexp" 191
"../../../Engine/Content/EditorResources/S_Note.ubulk" 192
"../../../Engine/Content/EditorResources/S_Solver.uasset" 193
"../../../Engine/Content/EditorResources/S_Solver.uexp" 194
"../../../Engine/Content/EditorResources/S_Solver.ubulk" 195
"../../../Engine/Content/EditorResources/S_Terrain.uasset" 196
"../../../Engine/Content/EditorResources/S_Terrain.uexp" 197
"../../../Engine/Content/EditorResources/S_Terrain.ubulk" 198
"../../../Engine/Content/EditorResources/S_Trigger.uasset" 199
"../../../Engine/Content/EditorResources/S_Trigger.uexp" 200
"../../../Engine/Content/EditorResources/S_Trigger.ubulk" 201
"../../../Engine/Content/EditorResources/LightIcons/S_LightError.uasset" 202
"../../../Engine/Content/EditorResources/LightIcons/S_LightError.uexp" 203
"../../../Engine/Content/EditorResources/SequenceRecorder/Countdown.uasset" 204
"../../../Engine/Content/EditorResources/SequenceRecorder/Countdown.uexp" 205
"../../../Engine/Content/EditorResources/SequenceRecorder/RecordingIndicator.uasset" 206
"../../../Engine/Content/EditorResources/SequenceRecorder/RecordingIndicator.uexp" 207
"../../../Engine/Content/EngineDamageTypes/DmgTypeBP_Environmental.uasset" 208
"../../../Engine/Content/EngineDamageTypes/DmgTypeBP_Environmental.uexp" 209
"../../../Engine/Content/EngineDebugMaterials/DebugEditorMaterial.uasset" 210
"../../../Engine/Content/EngineDebugMaterials/DebugEditorMaterial.uexp" 211
"../../../Engine/Content/EngineDebugMaterials/DebugMeshMaterial.uasset" 212
"../../../Engine/Content/EngineDebugMaterials/DebugMeshMaterial.uexp" 213
"../../../Engine/Content/EngineDebugMaterials/M_SimpleUnlitTranslucent.uasset" 214
"../../../Engine/Content/EngineDebugMaterials/M_SimpleUnlitTranslucent.uexp" 215
"../../../Engine/Content/EngineDebugMaterials/VolumeToRender.uasset" 216
"../../../Engine/Content/EngineDebugMaterials/VolumeToRender.uexp" 217
"../../../Engine/Content/Functions/Engine_MaterialFunctions02/Utility/CameraDirectionVector.uasset" 218
"../../../Engine/Content/Functions/Engine_MaterialFunctions02/Utility/CameraDirectionVector.uexp" 219
"../../../Engine/Content/EngineDebugMaterials/M_VolumeRenderSphereTracePP.uasset" 220
"../../../Engine/Content/EngineDebugMaterials/M_VolumeRenderSphereTracePP.uexp" 221
"../../../Engine/Content/Functions/Engine_MaterialFunctions01/Shading/ConvertFromDiffSpec.uasset" 222
"../../../Engine/Content/Functions/Engine_MaterialFunctions01/Shading/ConvertFromDiffSpec.uexp" 223
"../../../Engine/Content/EngineDebugMaterials/VertexColorMaterial.uasset" 224
"../../../Engine/Content/EngineDebugMaterials/VertexColorMaterial.uexp" 225
"../../../Engine/Content/EngineDebugMaterials/WireframeMaterial.uasset" 226
"../../../Engine/Content/EngineDebugMaterials/WireframeMaterial.uexp" 227
"../../../Engine/Content/EngineFonts/Faces/RobotoRegular.uasset" 228
"../../../Engine/Content/EngineFonts/Faces/RobotoRegular.uexp" 229
"../../../Engine/Content/EngineFonts/Faces/RobotoRegular.ufont" 230
"../../../Engine/Content/EngineFonts/Faces/RobotoLight.uasset" 231
"../../../Engine/Content/EngineFonts/Faces/RobotoLight.uexp" 232
"../../../Engine/Content/EngineFonts/Faces/RobotoLight.ufont" 233
"../../../Engine/Content/EngineFonts/Faces/RobotoItalic.uasset" 234
"../../../Engine/Content/EngineFonts/Faces/RobotoItalic.uexp" 235
"../../../Engine/Content/EngineFonts/Faces/RobotoItalic.ufont" 236
"../../../Engine/Content/EngineFonts/Faces/RobotoBoldItalic.uasset" 237
"../../../Engine/Content/EngineFonts/Faces/RobotoBoldItalic.uexp" 238
"../../../Engine/Content/EngineFonts/Faces/RobotoBoldItalic.ufont" 239
"../../../Engine/Content/EngineFonts/Faces/RobotoBold.uasset" 240
"../../../Engine/Content/EngineFonts/Faces/RobotoBold.uexp" 241
"../../../Engine/Content/EngineFonts/Faces/RobotoBold.ufont" 242
"../../../Engine/Content/EngineFonts/Faces/DroidSansFallback.uasset" 243
"../../../Engine/Content/EngineFonts/Faces/DroidSansFallback.uexp" 244
"../../../Engine/Content/EngineFonts/Faces/DroidSansFallback.ufont" 245
"../../../Engine/Content/EngineFonts/Roboto.uasset" 246
"../../../Engine/Content/EngineFonts/Roboto.uexp" 247
"../../../Engine/Content/EngineMaterials/BaseFlattenNormalMap.uasset" 248
"../../../Engine/Content/EngineMaterials/BaseFlattenNormalMap.uexp" 249
"../../../Engine/Content/EngineMaterials/BaseFlattenGrayscaleMap.uasset" 250
"../../../Engine/Content/EngineMaterials/BaseFlattenGrayscaleMap.uexp" 251
"../../../Engine/Content/EngineMaterials/BaseFlattenEmissiveMap.uasset" 252
"../../../Engine/Content/EngineMaterials/BaseFlattenEmissiveMap.uexp" 253
"../../../Engine/Content/EngineMaterials/BaseFlattenDiffuseMap.uasset" 254
"../../../Engine/Content/EngineMaterials/BaseFlattenDiffuseMap.uexp" 255
"../../../Engine/Content/EngineMaterials/BaseFlattenMaterial.uasset" 256
"../../../Engine/Content/EngineMaterials/BaseFlattenMaterial.uexp" 257
"../../../Engine/Content/EngineMaterials/BlueNoise.uasset" 258
"../../../Engine/Content/EngineMaterials/BlueNoise.uexp" 259
"../../../Engine/Content/EngineMaterials/DefaultBloomKernel.uasset" 260
"../../../Engine/Content/EngineMaterials/DefaultBloomKernel.uexp" 261
"../../../Engine/Content/EngineMaterials/DefaultBokeh.uasset" 262
"../../../Engine/Content/EngineMaterials/DefaultBokeh.uexp" 263
"../../../Engine/Content/EngineMaterials/DefaultDiffuse.uasset" 264
"../../../Engine/Content/EngineMaterials/DefaultDiffuse.uexp" 265
"../../../Engine/Content/EngineMaterials/DefaultDiffuse.ubulk" 266
"../../../Engine/Content/EngineMaterials/DefaultDeferredDecalMaterial.uasset" 267
"../../../Engine/Content/EngineMaterials/DefaultDeferredDecalMaterial.uexp" 268
"../../../Engine/Content/EngineMaterials/DefaultLightFunctionMaterial.uasset" 269
"../../../Engine/Content/EngineMaterials/DefaultLightFunctionMaterial.uexp" 270
"../../../Engine/Content/EngineMaterials/DefaultPhysicalMaterial.uasset" 271
"../../../Engine/Content/EngineMaterials/DefaultPhysicalMaterial.uexp" 272
"../../../Engine/Content/Functions/Engine_MaterialFunctions02/Utility/BreakOutFloat2Components.uasset" 273
"../../../Engine/Content/Functions/Engine_MaterialFunctions02/Utility/BreakOutFloat2Components.uexp" 274
"../../../Engine/Content/EngineMaterials/DefaultPostProcessMaterial.uasset" 275
"../../../Engine/Content/EngineMaterials/DefaultPostProcessMaterial.uexp" 276
"../../../Engine/Content/EngineFonts/RobotoDistanceField.uasset" 277
"../../../Engine/Content/EngineFonts/RobotoDistanceField.uexp" 278
"../../../Engine/Content/EngineMaterials/DefaultTextMaterialOpaque.uasset" 279
"../../../Engine/Content/EngineMaterials/DefaultTextMaterialOpaque.uexp" 280
"../../../Engine/Content/EngineMaterials/DefaultWhiteGrid.uasset" 281
"../../../Engine/Content/EngineMaterials/DefaultWhiteGrid.uexp" 282
"../../../Engine/Content/EngineMaterials/DefaultWhiteGrid.ubulk" 283
"../../../Engine/Content/EngineMaterials/DefaultWhiteGrid_Low.uasset" 284
"../../../Engine/Content/EngineMaterials/DefaultWhiteGrid_Low.uexp" 285
"../../../Engine/Content/EngineMaterials/EmissiveMeshMaterial.uasset" 286
"../../../Engine/Content/EngineMaterials/EmissiveMeshMaterial.uexp" 287
"../../../Engine/Content/EngineMaterials/GizmoMaterial.uasset" 288
"../../../Engine/Content/EngineMaterials/GizmoMaterial.uexp" 289
"../../../Engine/Content/EngineMaterials/Good64x64TilingNoiseHighFreq.uasset" 290
"../../../Engine/Content/EngineMaterials/Good64x64TilingNoiseHighFreq.uexp" 291
"../../../Engine/Content/EngineMaterials/MiniFont.uasset" 292
"../../../Engine/Content/EngineMaterials/MiniFont.uexp" 293
"../../../Engine/Content/EngineMaterials/InvalidLightmapSettings.uasset" 294
"../../../Engine/Content/EngineMaterials/InvalidLightmapSettings.uexp" 295
"../../../Engine/Content/EngineMaterials/InvalidLightmapSettings.ubulk" 296
"../../../Engine/Content/EngineMaterials/M_InvalidLightmapSettings.uasset" 297
"../../../Engine/Content/EngineMaterials/M_InvalidLightmapSettings.uexp" 298
"../../../Engine/Content/Functions/Engine_MaterialFunctions02/WorldPositionOffset/CameraOffset.uasset" 299
"../../../Engine/Content/Functions/Engine_MaterialFunctions02/WorldPositionOffset/CameraOffset.uexp" 300
"../../../Engine/Content/EngineMaterials/PhAT_JointLimitMaterial.uasset" 301
"../../../Engine/Content/EngineMaterials/PhAT_JointLimitMaterial.uexp" 302
"../../../Engine/Content/EngineMaterials/DefaultCalibrationColor.uasset" 303
"../../../Engine/Content/EngineMaterials/DefaultCalibrationColor.uexp" 304
"../../../Engine/Content/EngineMaterials/PPM_DefaultCalibrationColor.uasset" 305
"../../../Engine/Content/EngineMaterials/PPM_DefaultCalibrationColor.uexp" 306
"../../../Engine/Content/EngineMaterials/DefaultCalibrationGrayscale.uasset" 307
"../../../Engine/Content/EngineMaterials/DefaultCalibrationGrayscale.uexp" 308
"../../../Engine/Content/EngineMaterials/PPM_DefaultCalibrationGrayscale.uasset" 309
"../../../Engine/Content/EngineMaterials/PPM_DefaultCalibrationGrayscale.uexp" 310
"../../../Engine/Content/EngineMaterials/PreintegratedSkinBRDF.uasset" 311
"../../../Engine/Content/EngineMaterials/PreintegratedSkinBRDF.uexp" 312
"../../../Engine/Content/EngineMaterials/RemoveSurfaceMaterial.uasset" 313
"../../../Engine/Content/EngineMaterials/RemoveSurfaceMaterial.uexp" 314
"../../../Engine/Content/EngineMaterials/WeightMapPlaceholderTexture.uasset" 315
"../../../Engine/Content/EngineMaterials/WeightMapPlaceholderTexture.uexp" 316
"../../../Engine/Content/EngineResources/WhiteSquareTexture.uasset" 317
"../../../Engine/Content/EngineResources/WhiteSquareTexture.uexp" 318
"../../../Engine/Content/EngineMaterials/Widget3DPassThrough.uasset" 319
"../../../Engine/Content/EngineMaterials/Widget3DPassThrough.uexp" 320
"../../../Engine/Content/EngineMaterials/Widget3DPassThrough_Masked.uasset" 321
"../../../Engine/Content/EngineMaterials/Widget3DPassThrough_Masked.uexp" 322
"../../../Engine/Content/EngineMaterials/Widget3DPassThrough_Opaque.uasset" 323
"../../../Engine/Content/EngineMaterials/Widget3DPassThrough_Opaque.uexp" 324
"../../../Engine/Content/EngineMaterials/Widget3DPassThrough_Masked_OneSided.uasset" 325
"../../../Engine/Content/EngineMaterials/Widget3DPassThrough_Masked_OneSided.uexp" 326
"../../../Engine/Content/EngineMaterials/Widget3DPassThrough_Opaque_OneSided.uasset" 327
"../../../Engine/Content/EngineMaterials/Widget3DPassThrough_Opaque_OneSided.uexp" 328
"../../../Engine/Content/EngineMaterials/Widget3DPassThrough_Translucent.uasset" 329
"../../../Engine/Content/EngineMaterials/Widget3DPassThrough_Translucent.uexp" 330
"../../../Engine/Content/EngineMaterials/Widget3DPassThrough_Translucent_OneSided.uasset" 331
"../../../Engine/Content/EngineMaterials/Widget3DPassThrough_Translucent_OneSided.uexp" 332
"../../../Engine/Content/EngineMeshes/Cylinder.uasset" 333
"../../../Engine/Content/EngineMeshes/Cylinder.uexp" 334
"../../../Engine/Content/EngineMeshes/Sphere.uasset" 335
"../../../Engine/Content/EngineMeshes/Sphere.uexp" 336
"../../../Engine/Content/EngineResources/DefaultTexture.uasset" 337
"../../../Engine/Content/EngineResources/DefaultTexture.uexp" 338
"../../../Engine/Content/EngineResources/DefaultTexture.ubulk" 339
"../../../Engine/Content/EngineResources/DefaultTextureCube.uasset" 340
"../../../Engine/Content/EngineResources/DefaultTextureCube.uexp" 341
"../../../Engine/Content/EngineResources/DefaultVolumeTexture2D.uasset" 342
"../../../Engine/Content/EngineResources/DefaultVolumeTexture2D.uexp" 343
"../../../Engine/Content/EngineResources/DefaultVolumeTexture.uasset" 344
"../../../Engine/Content/EngineResources/DefaultVolumeTexture.uexp" 345
"../../../Engine/Content/EngineResources/GradientTexture0.uasset" 346
"../../../Engine/Content/EngineResources/GradientTexture0.uexp" 347
"../../../Engine/Content/EngineSky/VolumetricClouds/T_NoiseShape64.uasset" 348
"../../../Engine/Content/EngineSky/VolumetricClouds/T_NoiseShape64.uexp" 349
"../../../Engine/Content/EngineSky/VolumetricClouds/T_NoiseShape64.ubulk" 350
"../../../Engine/Content/EngineSky/VolumetricClouds/T_VolumeNoiseShape64.uasset" 351
"../../../Engine/Content/EngineSky/VolumetricClouds/T_VolumeNoiseShape64.uexp" 352
"../../../Engine/Content/EngineSky/VolumetricClouds/T_NoiseErosion.uasset" 353
"../../../Engine/Content/EngineSky/VolumetricClouds/T_NoiseErosion.uexp" 354
"../../../Engine/Content/EngineSky/VolumetricClouds/T_NoiseErosion.ubulk" 355
"../../../Engine/Content/EngineSky/VolumetricClouds/T_VolumeNoiseErosion32.uasset" 356
"../../../Engine/Content/EngineSky/VolumetricClouds/T_VolumeNoiseErosion32.uexp" 357
"../../../Engine/Content/EngineSky/VolumetricClouds/CloudWeatherTexture.uasset" 358
"../../../Engine/Content/EngineSky/VolumetricClouds/CloudWeatherTexture.uexp" 359
"../../../Engine/Content/EngineSky/VolumetricClouds/CloudGradientTexture.uasset" 360
"../../../Engine/Content/EngineSky/VolumetricClouds/CloudGradientTexture.uexp" 361
"../../../Engine/Content/Functions/Engine_MaterialFunctions02/Utility/MakeFloat2.uasset" 362
"../../../Engine/Content/Functions/Engine_MaterialFunctions02/Utility/MakeFloat2.uexp" 363
"../../../Engine/Content/EngineSky/VolumetricClouds/m_SimpleVolumetricCloud.uasset" 364
"../../../Engine/Content/EngineSky/VolumetricClouds/m_SimpleVolumetricCloud.uexp" 365
"../../../Engine/Content/EngineSky/VolumetricClouds/m_SimpleVolumetricCloud_Inst.uasset" 366
"../../../Engine/Content/EngineSky/VolumetricClouds/m_SimpleVolumetricCloud_Inst.uexp" 367
"../../../Engine/Content/EngineSounds/Master.uasset" 368
"../../../Engine/Content/EngineSounds/Master.uexp" 369
"../../../Engine/Content/Functions/Engine_MaterialFunctions01/Shading/PowerToRoughness.uasset" 370
"../../../Engine/Content/Functions/Engine_MaterialFunctions01/Shading/PowerToRoughness.uexp" 371
"../../../Engine/Content/Maps/Templates/Thumbnails/Default.uasset" 372
"../../../Engine/Content/Maps/Templates/Thumbnails/Default.uexp" 373
"../../../Engine/Content/Maps/Templates/Thumbnails/TimeOfDay.uasset" 374
"../../../Engine/Content/Maps/Templates/Thumbnails/TimeOfDay.uexp" 375
"../../../Engine/Content/Maps/Templates/Thumbnails/VR-Basic.uasset" 376
"../../../Engine/Content/Maps/Templates/Thumbnails/VR-Basic.uexp" 377
"../../../Engine/Content/MobileResources/T_MobileControls_texture.uasset" 378
"../../../Engine/Content/MobileResources/T_MobileControls_texture.uexp" 379
"../../../Engine/Content/MobileResources/T_MobileMenu2.uasset" 380
"../../../Engine/Content/MobileResources/T_MobileMenu2.uexp" 381
"../../../Engine/Content/MobileResources/HUD/AnalogHat.uasset" 382
"../../../Engine/Content/MobileResources/HUD/AnalogHat.uexp" 383
"../../../Engine/Content/MobileResources/HUD/VirtualJoystick_Thumb.uasset" 384
"../../../Engine/Content/MobileResources/HUD/VirtualJoystick_Thumb.uexp" 385
"../../../Engine/Content/MobileResources/HUD/VirtualJoystick_Background.uasset" 386
"../../../Engine/Content/MobileResources/HUD/VirtualJoystick_Background.uexp" 387
"../../../Engine/Content/MobileResources/HUD/DefaultVirtualJoysticks.uasset" 388
"../../../Engine/Content/MobileResources/HUD/DefaultVirtualJoysticks.uexp" 389
"../../../Engine/Content/MobileResources/HUD/LeftVirtualJoystickOnly.uasset" 390
"../../../Engine/Content/MobileResources/HUD/LeftVirtualJoystickOnly.uexp" 391
"../../../Engine/Content/MobileResources/HUD/MobileHUDButton1_off.uasset" 392
"../../../Engine/Content/MobileResources/HUD/MobileHUDButton1_off.uexp" 393
"../../../Engine/Content/MobileResources/HUD/MobileHUDButton1_on.uasset" 394
"../../../Engine/Content/MobileResources/HUD/MobileHUDButton1_on.uexp" 395
"../../../Engine/Content/MobileResources/HUD/MobileHUDButton2_off.uasset" 396
"../../../Engine/Content/MobileResources/HUD/MobileHUDButton2_off.uexp" 397
"../../../Engine/Content/MobileResources/HUD/MobileHUDButton2_on.uasset" 398
"../../../Engine/Content/MobileResources/HUD/MobileHUDButton2_on.uexp" 399
"../../../Engine/Content/MobileResources/HUD/MobileHUDButton3.uasset" 400
"../../../Engine/Content/MobileResources/HUD/MobileHUDButton3.uexp" 401
"../../../Engine/Content/MobileResources/HUD/MobileHUDButtonFire.uasset" 402
"../../../Engine/Content/MobileResources/HUD/MobileHUDButtonFire.uexp" 403
"../../../Engine/Content/MobileResources/HUD/MobileHUDDirectionPad.uasset" 404
"../../../Engine/Content/MobileResources/HUD/MobileHUDDirectionPad.uexp" 405
"../../../Engine/Content/MobileResources/HUD/MobileHUDDirectionPad2.uasset" 406
"../../../Engine/Content/MobileResources/HUD/MobileHUDDirectionPad2.uexp" 407
"../../../Engine/Content/MobileResources/HUD/MobileHUDDirectionPad3.uasset" 408
"../../../Engine/Content/MobileResources/HUD/MobileHUDDirectionPad3.uexp" 409
"../../../Engine/Content/MobileResources/HUD/MobileHUDDirectionStick.uasset" 410
"../../../Engine/Content/MobileResources/HUD/MobileHUDDirectionStick.uexp" 411
"../../../Engine/Content/MobileResources/HUD/T_Castle_ThumbstickInner.uasset" 412
"../../../Engine/Content/MobileResources/HUD/T_Castle_ThumbstickInner.uexp" 413
"../../../Engine/Content/MobileResources/HUD/T_Castle_ThumbstickOutter.uasset" 414
"../../../Engine/Content/MobileResources/HUD/T_Castle_ThumbstickOutter.uexp" 415
"../../../Engine/Content/Tutorial/ContentIntroCurve.uasset" 416
"../../../Engine/Content/Tutorial/ContentIntroCurve.uexp" 417
"../../../Engine/Content/Tutorial/Landscape/TutorialAssets/Landscape.uasset" 418
"../../../Engine/Content/Tutorial/Landscape/TutorialAssets/Landscape.uexp" 419
"../../../Engine/Content/VREditor/TransformGizmo/TranslucentTransformGizmoMaterial.uasset" 420
"../../../Engine/Content/VREditor/TransformGizmo/TranslucentTransformGizmoMaterial.uexp" 421
"../../../Engine/Content/VREditor/LaserPointer/VR_LaserPower_01.uasset" 422
"../../../Engine/Content/VREditor/LaserPointer/VR_LaserPower_01.uexp" 423
"../../../Engine/Content/VREditor/LaserPointer/VR_LaserPower_01.ubulk" 424
"../../../Engine/Content/VREditor/TransformGizmo/TransformGizmoMaterial.uasset" 425
"../../../Engine/Content/VREditor/TransformGizmo/TransformGizmoMaterial.uexp" 426
"../../../Engine/Content/VREditor/TransformGizmo/BoundingBoxCorner.uasset" 427
"../../../Engine/Content/VREditor/TransformGizmo/BoundingBoxCorner.uexp" 428
"../../../Engine/Content/VREditor/TransformGizmo/BoundingBoxEdge.uasset" 429
"../../../Engine/Content/VREditor/TransformGizmo/BoundingBoxEdge.uexp" 430
"../../../Engine/Content/VREditor/TransformGizmo/PlaneTranslationHandle.uasset" 431
"../../../Engine/Content/VREditor/TransformGizmo/PlaneTranslationHandle.uexp" 432
"../../../Engine/Content/VREditor/TransformGizmo/Xray.uasset" 433
"../../../Engine/Content/VREditor/TransformGizmo/Xray.uexp" 434
"../../../Engine/Content/VREditor/TransformGizmo/Main.uasset" 435
"../../../Engine/Content/VREditor/TransformGizmo/Main.uexp" 436
"../../../Engine/Content/VREditor/TransformGizmo/SM_Sequencer_Key.uasset" 437
"../../../Engine/Content/VREditor/TransformGizmo/SM_Sequencer_Key.uexp" 438
"../../../Engine/Content/VREditor/TransformGizmo/SM_Sequencer_Node.uasset" 439
"../../../Engine/Content/VREditor/TransformGizmo/SM_Sequencer_Node.uexp" 440
"../../../Engine/Plugins/2D/Paper2D/Content/PlaceholderTextures/DummySpriteTexture.uasset" 441
"../../../Engine/Plugins/2D/Paper2D/Content/PlaceholderTextures/DummySpriteTexture.uexp" 442
"../../../Engine/Plugins/2D/Paper2D/Content/PlaceholderTextures/DummySpriteTexture.ubulk" 443
"../../../Engine/Plugins/2D/Paper2D/Content/DummySprite.uasset" 444
"../../../Engine/Plugins/2D/Paper2D/Content/DummySprite.uexp" 445
"../../../Engine/Plugins/2D/Paper2D/Content/DefaultPaperTerrainMaterial.uasset" 446
"../../../Engine/Plugins/2D/Paper2D/Content/DefaultPaperTerrainMaterial.uexp" 447
"../../../Engine/Plugins/2D/Paper2D/Content/DefaultSpriteMaterial.uasset" 448
"../../../Engine/Plugins/2D/Paper2D/Content/DefaultSpriteMaterial.uexp" 449
"../../../Engine/Plugins/2D/Paper2D/Content/MaskedUnlitSpriteMaterial.uasset" 450
"../../../Engine/Plugins/2D/Paper2D/Content/MaskedUnlitSpriteMaterial.uexp" 451
"../../../Engine/Plugins/2D/Paper2D/Content/OpaqueUnlitSpriteMaterial.uasset" 452
"../../../Engine/Plugins/2D/Paper2D/Content/OpaqueUnlitSpriteMaterial.uexp" 453
"../../../Engine/Content/Functions/Engine_MaterialFunctions02/Utility/BreakOutFloat3Components.uasset" 454
"../../../Engine/Content/Functions/Engine_MaterialFunctions02/Utility/BreakOutFloat3Components.uexp" 455
"../../../Engine/Plugins/Editor/SpeedTreeImporter/Content/SpeedTree9/UnpackInteger3.uasset" 456
"../../../Engine/Plugins/Editor/SpeedTreeImporter/Content/SpeedTree9/UnpackInteger3.uexp" 457
"../../../Engine/Plugins/Editor/SpeedTreeImporter/Content/SpeedTree9/UnpackDirection.uasset" 458
"../../../Engine/Plugins/Editor/SpeedTreeImporter/Content/SpeedTree9/UnpackDirection.uexp" 459
"../../../Engine/Plugins/Editor/SpeedTreeImporter/Content/SpeedTree9/game_wind_noise.uasset" 460
"../../../Engine/Plugins/Editor/SpeedTreeImporter/Content/SpeedTree9/game_wind_noise.uexp" 461
"../../../Engine/Plugins/Editor/SpeedTreeImporter/Content/SpeedTree9/game_wind_noise.ubulk" 462
"../../../Engine/Content/Functions/Engine_MaterialFunctions02/SafeNormalize.uasset" 463
"../../../Engine/Content/Functions/Engine_MaterialFunctions02/SafeNormalize.uexp" 464
"../../../Engine/Plugins/Editor/SpeedTreeImporter/Content/SpeedTree9/SpeedTreeWindMotion.uasset" 465
"../../../Engine/Plugins/Editor/SpeedTreeImporter/Content/SpeedTree9/SpeedTreeWindMotion.uexp" 466
"../../../Engine/Plugins/Editor/SpeedTreeImporter/Content/SpeedTree9/SpeedTreeBranchMotion.uasset" 467
"../../../Engine/Plugins/Editor/SpeedTreeImporter/Content/SpeedTree9/SpeedTreeBranchMotion.uexp" 468
"../../../Engine/Content/Functions/Engine_MaterialFunctions02/ObjectLocalBounds.uasset" 469
"../../../Engine/Content/Functions/Engine_MaterialFunctions02/ObjectLocalBounds.uexp" 470
"../../../Engine/Content/Functions/Engine_MaterialFunctions02/UVs/BoundingBoxBased_0-1_UVW.uasset" 471
"../../../Engine/Content/Functions/Engine_MaterialFunctions02/UVs/BoundingBoxBased_0-1_UVW.uexp" 472
"../../../Engine/Content/Functions/Engine_MaterialFunctions02/Utility/VectorLength.uasset" 473
"../../../Engine/Content/Functions/Engine_MaterialFunctions02/Utility/VectorLength.uexp" 474
"../../../Engine/Content/Functions/Engine_MaterialFunctions02/WorldPositionOffset/ObjectScale.uasset" 475
"../../../Engine/Content/Functions/Engine_MaterialFunctions02/WorldPositionOffset/ObjectScale.uexp" 476
"../../../Engine/Plugins/Editor/SpeedTreeImporter/Content/SpeedTree9/SpeedTreeWind.uasset" 477
"../../../Engine/Plugins/Editor/SpeedTreeImporter/Content/SpeedTree9/SpeedTreeWind.uexp" 478
"../../../Engine/Plugins/Editor/SpeedTreeImporter/Content/SpeedTree9/SpeedTreeBillboard.uasset" 479
"../../../Engine/Plugins/Editor/SpeedTreeImporter/Content/SpeedTree9/SpeedTreeBillboard.uexp" 480
"../../../Engine/Plugins/Editor/SpeedTreeImporter/Content/SpeedTree9/EmptyNormal.uasset" 481
"../../../Engine/Plugins/Editor/SpeedTreeImporter/Content/SpeedTree9/EmptyNormal.uexp" 482
"../../../Engine/Plugins/Editor/SpeedTreeImporter/Content/SpeedTree9/Empty.uasset" 483
"../../../Engine/Plugins/Editor/SpeedTreeImporter/Content/SpeedTree9/Empty.uexp" 484
"../../../Engine/Plugins/Editor/SpeedTreeImporter/Content/SpeedTree9/SpeedTreeBillboardMaster.uasset" 485
"../../../Engine/Plugins/Editor/SpeedTreeImporter/Content/SpeedTree9/SpeedTreeBillboardMaster.uexp" 486
"../../../Engine/Plugins/Editor/SpeedTreeImporter/Content/SpeedTree9/SpeedTreeCameraFacing.uasset" 487
"../../../Engine/Plugins/Editor/SpeedTreeImporter/Content/SpeedTree9/SpeedTreeCameraFacing.uexp" 488
"../../../Engine/Plugins/Editor/SpeedTreeImporter/Content/SpeedTree9/SpeedTreeMaster.uasset" 489
"../../../Engine/Plugins/Editor/SpeedTreeImporter/Content/SpeedTree9/SpeedTreeMaster.uexp" 490
"../../../Engine/Content/BasicShapes/Cylinder.uasset" 491
"../../../Engine/Content/BasicShapes/Cylinder.uexp" 492
"../../../Engine/Content/ArtTools/RenderToTexture/Materials/Debug/M_Emissive_Color.uasset" 493
"../../../Engine/Content/ArtTools/RenderToTexture/Materials/Debug/M_Emissive_Color.uexp" 494
"../../../Engine/Plugins/Lumin/MagicLeapPassableWorld/Content/MagicLeapARPinInfoActor.uasset" 495
"../../../Engine/Plugins/Lumin/MagicLeapPassableWorld/Content/MagicLeapARPinInfoActor.uexp" 496
"../../../Engine/Plugins/Runtime/OpenXR/Content/Devices/GoogleDaydream/MRTexture.uasset" 497
"../../../Engine/Plugins/Runtime/OpenXR/Content/Devices/GoogleDaydream/MRTexture.uexp" 498
"../../../Engine/Plugins/Runtime/OpenXR/Content/Devices/GoogleDaydream/MRTexture.ubulk" 499
"../../../Engine/Plugins/Runtime/OpenXR/Content/Devices/GoogleDaydream/BaseTexture.uasset" 500
"../../../Engine/Plugins/Runtime/OpenXR/Content/Devices/GoogleDaydream/BaseTexture.uexp" 501
"../../../Engine/Plugins/Runtime/OpenXR/Content/Devices/GoogleDaydream/BaseTexture.ubulk" 502
"../../../Engine/Content/EngineResources/Black.uasset" 503
"../../../Engine/Content/EngineResources/Black.uexp" 504
"../../../Engine/Plugins/Runtime/OpenXR/Content/Devices/M_XRController.uasset" 505
"../../../Engine/Plugins/Runtime/OpenXR/Content/Devices/M_XRController.uexp" 506
"../../../Engine/Plugins/Runtime/OpenXR/Content/Devices/GoogleDaydream/MI_GoogleDaydream.uasset" 507
"../../../Engine/Plugins/Runtime/OpenXR/Content/Devices/GoogleDaydream/MI_GoogleDaydream.uexp" 508
"../../../Engine/Plugins/Runtime/OpenXR/Content/Devices/GoogleDaydream/GoogleDaydreamController.uasset" 509
"../../../Engine/Plugins/Runtime/OpenXR/Content/Devices/GoogleDaydream/GoogleDaydreamController.uexp" 510
"../../../Engine/Plugins/Runtime/OpenXR/Content/Devices/HTCVive/BaseTexture.uasset" 511
"../../../Engine/Plugins/Runtime/OpenXR/Content/Devices/HTCVive/BaseTexture.uexp" 512
"../../../Engine/Plugins/Runtime/OpenXR/Content/Devices/HTCVive/BaseTexture.ubulk" 513
"../../../Engine/Plugins/Runtime/OpenXR/Content/Devices/HTCVive/MI_HTCVive.uasset" 514
"../../../Engine/Plugins/Runtime/OpenXR/Content/Devices/HTCVive/MI_HTCVive.uexp" 515
"../../../Engine/Plugins/Runtime/OpenXR/Content/Devices/HTCVive/HTCViveController.uasset" 516
"../../../Engine/Plugins/Runtime/OpenXR/Content/Devices/HTCVive/HTCViveController.uexp" 517
"../../../Engine/Plugins/Runtime/OpenXR/Content/Devices/MicrosoftMixedReality/NormalTexture.uasset" 518
"../../../Engine/Plugins/Runtime/OpenXR/Content/Devices/MicrosoftMixedReality/NormalTexture.uexp" 519
"../../../Engine/Plugins/Runtime/OpenXR/Content/Devices/MicrosoftMixedReality/NormalTexture.ubulk" 520
"../../../Engine/Plugins/Runtime/OpenXR/Content/Devices/MicrosoftMixedReality/MRTexture.uasset" 521
"../../../Engine/Plugins/Runtime/OpenXR/Content/Devices/MicrosoftMixedReality/MRTexture.uexp" 522
"../../../Engine/Plugins/Runtime/OpenXR/Content/Devices/MicrosoftMixedReality/MRTexture.ubulk" 523
"../../../Engine/Plugins/Runtime/OpenXR/Content/Devices/MicrosoftMixedReality/EmissiveTexture.uasset" 524
"../../../Engine/Plugins/Runtime/OpenXR/Content/Devices/MicrosoftMixedReality/EmissiveTexture.uexp" 525
"../../../Engine/Plugins/Runtime/OpenXR/Content/Devices/MicrosoftMixedReality/EmissiveTexture.ubulk" 526
"../../../Engine/Plugins/Runtime/OpenXR/Content/Devices/MicrosoftMixedReality/BaseTexture.uasset" 527
"../../../Engine/Plugins/Runtime/OpenXR/Content/Devices/MicrosoftMixedReality/BaseTexture.uexp" 528
"../../../Engine/Plugins/Runtime/OpenXR/Content/Devices/MicrosoftMixedReality/BaseTexture.ubulk" 529
"../../../Engine/Plugins/Runtime/OpenXR/Content/Devices/MicrosoftMixedReality/MI_MicrosoftMixedReality.uasset" 530
"../../../Engine/Plugins/Runtime/OpenXR/Content/Devices/MicrosoftMixedReality/MI_MicrosoftMixedReality.uexp" 531
"../../../Engine/Plugins/Runtime/OpenXR/Content/Devices/MicrosoftMixedReality/Left/left_MicrosoftMixedRealityController.uasset" 532
"../../../Engine/Plugins/Runtime/OpenXR/Content/Devices/MicrosoftMixedReality/Left/left_MicrosoftMixedRealityController.uexp" 533
"../../../Engine/Plugins/Runtime/OpenXR/Content/Devices/MicrosoftMixedReality/Right/right_MicrosoftMixedRealityController.uasset" 534
"../../../Engine/Plugins/Runtime/OpenXR/Content/Devices/MicrosoftMixedReality/Right/right_MicrosoftMixedRealityController.uexp" 535
"../../../Engine/Plugins/Runtime/OpenXR/Content/Devices/OculusGo/BaseTexture.uasset" 536
"../../../Engine/Plugins/Runtime/OpenXR/Content/Devices/OculusGo/BaseTexture.uexp" 537
"../../../Engine/Plugins/Runtime/OpenXR/Content/Devices/OculusGo/BaseTexture.ubulk" 538
"../../../Engine/Plugins/Runtime/OpenXR/Content/Devices/OculusGo/MI_OculusGo.uasset" 539
"../../../Engine/Plugins/Runtime/OpenXR/Content/Devices/OculusGo/MI_OculusGo.uexp" 540
"../../../Engine/Plugins/Runtime/OpenXR/Content/Devices/OculusGo/OculusGoController.uasset" 541
"../../../Engine/Plugins/Runtime/OpenXR/Content/Devices/OculusGo/OculusGoController.uexp" 542
"../../../Engine/Plugins/Runtime/OpenXR/Content/Devices/OculusTouch/MRTexture.uasset" 543
"../../../Engine/Plugins/Runtime/OpenXR/Content/Devices/OculusTouch/MRTexture.uexp" 544
"../../../Engine/Plugins/Runtime/OpenXR/Content/Devices/OculusTouch/MRTexture.ubulk" 545
"../../../Engine/Plugins/Runtime/OpenXR/Content/Devices/OculusTouch/BaseTexture.uasset" 546
"../../../Engine/Plugins/Runtime/OpenXR/Content/Devices/OculusTouch/BaseTexture.uexp" 547
"../../../Engine/Plugins/Runtime/OpenXR/Content/Devices/OculusTouch/BaseTexture.ubulk" 548
"../../../Engine/Plugins/Runtime/OpenXR/Content/Devices/OculusTouch/MI_OculusTouch.uasset" 549
"../../../Engine/Plugins/Runtime/OpenXR/Content/Devices/OculusTouch/MI_OculusTouch.uexp" 550
"../../../Engine/Plugins/Runtime/OpenXR/Content/Devices/OculusTouch/Left/left_OculusTouchController.uasset" 551
"../../../Engine/Plugins/Runtime/OpenXR/Content/Devices/OculusTouch/Left/left_OculusTouchController.uexp" 552
"../../../Engine/Plugins/Runtime/OpenXR/Content/Devices/OculusTouch/Right/right_OculusTouchController.uasset" 553
"../../../Engine/Plugins/Runtime/OpenXR/Content/Devices/OculusTouch/Right/right_OculusTouchController.uexp" 554
"../../../Engine/Plugins/Runtime/OpenXR/Content/Devices/OculusTouch_v2/MRTexture.uasset" 555
"../../../Engine/Plugins/Runtime/OpenXR/Content/Devices/OculusTouch_v2/MRTexture.uexp" 556
"../../../Engine/Plugins/Runtime/OpenXR/Content/Devices/OculusTouch_v2/MRTexture.ubulk" 557
"../../../Engine/Plugins/Runtime/OpenXR/Content/Devices/OculusTouch_v2/BaseTexture.uasset" 558
"../../../Engine/Plugins/Runtime/OpenXR/Content/Devices/OculusTouch_v2/BaseTexture.uexp" 559
"../../../Engine/Plugins/Runtime/OpenXR/Content/Devices/OculusTouch_v2/BaseTexture.ubulk" 560
"../../../Engine/Plugins/Runtime/OpenXR/Content/Devices/OculusTouch_v2/MI_OculusTouch_v2.uasset" 561
"../../../Engine/Plugins/Runtime/OpenXR/Content/Devices/OculusTouch_v2/MI_OculusTouch_v2.uexp" 562
"../../../Engine/Plugins/Runtime/OpenXR/Content/Devices/OculusTouch_v2/Left/left_OculusTouch_v2Controller.uasset" 563
"../../../Engine/Plugins/Runtime/OpenXR/Content/Devices/OculusTouch_v2/Left/left_OculusTouch_v2Controller.uexp" 564
"../../../Engine/Plugins/Runtime/OpenXR/Content/Devices/OculusTouch_v2/Right/right_OculusTouch_v2Controller.uasset" 565
"../../../Engine/Plugins/Runtime/OpenXR/Content/Devices/OculusTouch_v2/Right/right_OculusTouch_v2Controller.uexp" 566
"../../../Engine/Plugins/Runtime/OpenXR/Content/Devices/OculusTouch_v3/MRTexture.uasset" 567
"../../../Engine/Plugins/Runtime/OpenXR/Content/Devices/OculusTouch_v3/MRTexture.uexp" 568
"../../../Engine/Plugins/Runtime/OpenXR/Content/Devices/OculusTouch_v3/MRTexture.ubulk" 569
"../../../Engine/Plugins/Runtime/OpenXR/Content/Devices/OculusTouch_v3/BaseTexture.uasset" 570
"../../../Engine/Plugins/Runtime/OpenXR/Content/Devices/OculusTouch_v3/BaseTexture.uexp" 571
"../../../Engine/Plugins/Runtime/OpenXR/Content/Devices/OculusTouch_v3/BaseTexture.ubulk" 572
"../../../Engine/Plugins/Runtime/OpenXR/Content/Devices/OculusTouch_v3/MI_OculusTouch_v3.uasset" 573
"../../../Engine/Plugins/Runtime/OpenXR/Content/Devices/OculusTouch_v3/MI_OculusTouch_v3.uexp" 574
"../../../Engine/Plugins/Runtime/OpenXR/Content/Devices/OculusTouch_v3/Left/left_OculusTouch_v3Controller.uasset" 575
"../../../Engine/Plugins/Runtime/OpenXR/Content/Devices/OculusTouch_v3/Left/left_OculusTouch_v3Controller.uexp" 576
"../../../Engine/Plugins/Runtime/OpenXR/Content/Devices/OculusTouch_v3/Right/right_OculusTouch_v3Controller.uasset" 577
"../../../Engine/Plugins/Runtime/OpenXR/Content/Devices/OculusTouch_v3/Right/right_OculusTouch_v3Controller.uexp" 578
"../../../Engine/Plugins/Runtime/OpenXR/Content/Devices/ValveIndex/MRTexture.uasset" 579
"../../../Engine/Plugins/Runtime/OpenXR/Content/Devices/ValveIndex/MRTexture.uexp" 580
"../../../Engine/Plugins/Runtime/OpenXR/Content/Devices/ValveIndex/MRTexture.ubulk" 581
"../../../Engine/Plugins/Runtime/OpenXR/Content/Devices/ValveIndex/BaseTexture.uasset" 582
"../../../Engine/Plugins/Runtime/OpenXR/Content/Devices/ValveIndex/BaseTexture.uexp" 583
"../../../Engine/Plugins/Runtime/OpenXR/Content/Devices/ValveIndex/BaseTexture.ubulk" 584
"../../../Engine/Plugins/Runtime/OpenXR/Content/Devices/ValveIndex/Left/MI_left_ValveIndex.uasset" 585
"../../../Engine/Plugins/Runtime/OpenXR/Content/Devices/ValveIndex/Left/MI_left_ValveIndex.uexp" 586
"../../../Engine/Plugins/Runtime/OpenXR/Content/Devices/ValveIndex/Left/left_ValveIndexController.uasset" 587
"../../../Engine/Plugins/Runtime/OpenXR/Content/Devices/ValveIndex/Left/left_ValveIndexController.uexp" 588
"../../../Engine/Plugins/Runtime/OpenXR/Content/Devices/ValveIndex/Right/MI_right_ValveIndex.uasset" 589
"../../../Engine/Plugins/Runtime/OpenXR/Content/Devices/ValveIndex/Right/MI_right_ValveIndex.uexp" 590
"../../../Engine/Plugins/Runtime/OpenXR/Content/Devices/ValveIndex/Right/right_ValveIndexController.uasset" 591
"../../../Engine/Plugins/Runtime/OpenXR/Content/Devices/ValveIndex/Right/right_ValveIndexController.uexp" 592
"../../../Engine/Content/Functions/Engine_MaterialFunctions02/Utility/BreakOutFloat4Components.uasset" 593
"../../../Engine/Content/Functions/Engine_MaterialFunctions02/Utility/BreakOutFloat4Components.uexp" 594
"../../../Engine/Content/Functions/Engine_MaterialFunctions02/Utility/MakeFloat3.uasset" 595
"../../../Engine/Content/Functions/Engine_MaterialFunctions02/Utility/MakeFloat3.uexp" 596
"../../../Engine/Plugins/Runtime/Oculus/OculusVR/Content/Materials/OculusMR_ChromaKey.uasset" 597
"../../../Engine/Plugins/Runtime/Oculus/OculusVR/Content/Materials/OculusMR_ChromaKey.uexp" 598
"../../../Engine/Plugins/Runtime/Oculus/OculusVR/Content/Materials/OculusMR_OpaqueColoredMaterial.uasset" 599
"../../../Engine/Plugins/Runtime/Oculus/OculusVR/Content/Materials/OculusMR_OpaqueColoredMaterial.uexp" 600
"../../../Engine/Plugins/Runtime/Oculus/OculusVR/Content/Materials/PokeAHoleMaterial.uasset" 601
"../../../Engine/Plugins/Runtime/Oculus/OculusVR/Content/Materials/PokeAHoleMaterial.uexp" 602
"../../../Engine/Plugins/Runtime/Oculus/OculusVR/Content/Textures/touchController_controlmap.uasset" 603
"../../../Engine/Plugins/Runtime/Oculus/OculusVR/Content/Textures/touchController_controlmap.uexp" 604
"../../../Engine/Plugins/Runtime/Oculus/OculusVR/Content/Textures/touchController_controlmap.ubulk" 605
"../../../Engine/Plugins/Runtime/Oculus/OculusVR/Content/Textures/touchController_albedo.uasset" 606
"../../../Engine/Plugins/Runtime/Oculus/OculusVR/Content/Textures/touchController_albedo.uexp" 607
"../../../Engine/Plugins/Runtime/Oculus/OculusVR/Content/Textures/touchController_albedo.ubulk" 608
"../../../Engine/Plugins/Runtime/Oculus/OculusVR/Content/Materials/touchController_mat.uasset" 609
"../../../Engine/Plugins/Runtime/Oculus/OculusVR/Content/Materials/touchController_mat.uexp" 610
"../../../Engine/Plugins/Runtime/Oculus/OculusVR/Content/Meshes/LeftTouchController.uasset" 611
"../../../Engine/Plugins/Runtime/Oculus/OculusVR/Content/Meshes/LeftTouchController.uexp" 612
"../../../Engine/Plugins/Runtime/Oculus/OculusVR/Content/Textures/TouchForQuestRiftSController_albedo.uasset" 613
"../../../Engine/Plugins/Runtime/Oculus/OculusVR/Content/Textures/TouchForQuestRiftSController_albedo.uexp" 614
"../../../Engine/Plugins/Runtime/Oculus/OculusVR/Content/Textures/TouchForQuestRiftSController_albedo.ubulk" 615
"../../../Engine/Plugins/Runtime/Oculus/OculusVR/Content/Materials/TouchForQuestRiftSControllerMaterial.uasset" 616
"../../../Engine/Plugins/Runtime/Oculus/OculusVR/Content/Materials/TouchForQuestRiftSControllerMaterial.uexp" 617
"../../../Engine/Plugins/Runtime/Oculus/OculusVR/Content/Meshes/LeftTouchForQuestRiftSController.uasset" 618
"../../../Engine/Plugins/Runtime/Oculus/OculusVR/Content/Meshes/LeftTouchForQuestRiftSController.uexp" 619
"../../../Engine/Plugins/Runtime/Oculus/OculusVR/Content/Meshes/RiftHMD.uasset" 620
"../../../Engine/Plugins/Runtime/Oculus/OculusVR/Content/Meshes/RiftHMD.uexp" 621
"../../../Engine/Plugins/Runtime/Oculus/OculusVR/Content/Meshes/RightTouchController.uasset" 622
"../../../Engine/Plugins/Runtime/Oculus/OculusVR/Content/Meshes/RightTouchController.uexp" 623
"../../../Engine/Plugins/Runtime/Oculus/OculusVR/Content/Meshes/RightTouchForQuestRiftSController.uasset" 624
"../../../Engine/Plugins/Runtime/Oculus/OculusVR/Content/Meshes/RightTouchForQuestRiftSController.uexp" 625
"D:/Proyectos Unreal Engine/BunnyCorp/Content/Geometry/Props/Decoration/Textures/HONGO3_LP_Material_OcclusionRoughnessMetallic.uasset" 626
"D:/Proyectos Unreal Engine/BunnyCorp/Content/Geometry/Props/Decoration/Textures/HONGO3_LP_Material_OcclusionRoughnessMetallic.uexp" 627
"D:/Proyectos Unreal Engine/BunnyCorp/Content/Geometry/Props/Decoration/Textures/HONGO3_LP_Material_OcclusionRoughnessMetallic.ubulk" 628
"D:/Proyectos Unreal Engine/BunnyCorp/Content/Geometry/Props/Decoration/Textures/HONGO3_LP_Material_Normal.uasset" 629
"D:/Proyectos Unreal Engine/BunnyCorp/Content/Geometry/Props/Decoration/Textures/HONGO3_LP_Material_Normal.uexp" 630
"D:/Proyectos Unreal Engine/BunnyCorp/Content/Geometry/Props/Decoration/Textures/HONGO3_LP_Material_Normal.ubulk" 631
"D:/Proyectos Unreal Engine/BunnyCorp/Content/Geometry/Props/Decoration/Textures/HONGO3_LP_Material_BaseColor.uasset" 632
"D:/Proyectos Unreal Engine/BunnyCorp/Content/Geometry/Props/Decoration/Textures/HONGO3_LP_Material_BaseColor.uexp" 633
"D:/Proyectos Unreal Engine/BunnyCorp/Content/Geometry/Props/Decoration/Textures/HONGO3_LP_Material_BaseColor.ubulk" 634
"D:/Proyectos Unreal Engine/BunnyCorp/Content/Geometry/Props/Decoration/Textures/M_Mushroom03.uasset" 635
"D:/Proyectos Unreal Engine/BunnyCorp/Content/Geometry/Props/Decoration/Textures/M_Mushroom03.uexp" 636
"D:/Proyectos Unreal Engine/BunnyCorp/Content/Geometry/Props/Decoration/Meshes/Mushroom03.uasset" 637
"D:/Proyectos Unreal Engine/BunnyCorp/Content/Geometry/Props/Decoration/Meshes/Mushroom03.uexp" 638
"D:/Proyectos Unreal Engine/BunnyCorp/Content/Geometry/Props/Decoration/Textures/HONGO2_LP_Material_002_OcclusionRoughnessMetallic.uasset" 639
"D:/Proyectos Unreal Engine/BunnyCorp/Content/Geometry/Props/Decoration/Textures/HONGO2_LP_Material_002_OcclusionRoughnessMetallic.uexp" 640
"D:/Proyectos Unreal Engine/BunnyCorp/Content/Geometry/Props/Decoration/Textures/HONGO2_LP_Material_002_OcclusionRoughnessMetallic.ubulk" 641
"D:/Proyectos Unreal Engine/BunnyCorp/Content/Geometry/Props/Decoration/Textures/HONGO2_LP_Material_002_Normal.uasset" 642
"D:/Proyectos Unreal Engine/BunnyCorp/Content/Geometry/Props/Decoration/Textures/HONGO2_LP_Material_002_Normal.uexp" 643
"D:/Proyectos Unreal Engine/BunnyCorp/Content/Geometry/Props/Decoration/Textures/HONGO2_LP_Material_002_Normal.ubulk" 644
"D:/Proyectos Unreal Engine/BunnyCorp/Content/Geometry/Props/Decoration/Textures/HONGO2_LP_Material_002_BaseColor.uasset" 645
"D:/Proyectos Unreal Engine/BunnyCorp/Content/Geometry/Props/Decoration/Textures/HONGO2_LP_Material_002_BaseColor.uexp" 646
"D:/Proyectos Unreal Engine/BunnyCorp/Content/Geometry/Props/Decoration/Textures/HONGO2_LP_Material_002_BaseColor.ubulk" 647
"D:/Proyectos Unreal Engine/BunnyCorp/Content/Geometry/Props/Decoration/Textures/M_Mushroom02.uasset" 648
"D:/Proyectos Unreal Engine/BunnyCorp/Content/Geometry/Props/Decoration/Textures/M_Mushroom02.uexp" 649
"D:/Proyectos Unreal Engine/BunnyCorp/Content/Geometry/Props/Decoration/Meshes/Mushroom02.uasset" 650
"D:/Proyectos Unreal Engine/BunnyCorp/Content/Geometry/Props/Decoration/Meshes/Mushroom02.uexp" 651
"D:/Proyectos Unreal Engine/BunnyCorp/Content/Geometry/Props/Decoration/Textures/Flowers/FLOR3_LP_None_OcclusionRoughnessMetallic.uasset" 652
"D:/Proyectos Unreal Engine/BunnyCorp/Content/Geometry/Props/Decoration/Textures/Flowers/FLOR3_LP_None_OcclusionRoughnessMetallic.uexp" 653
"D:/Proyectos Unreal Engine/BunnyCorp/Content/Geometry/Props/Decoration/Textures/Flowers/FLOR3_LP_None_OcclusionRoughnessMetallic.ubulk" 654
"D:/Proyectos Unreal Engine/BunnyCorp/Content/Geometry/Props/Decoration/Textures/Flowers/FLOR3_LP_None_Normal.uasset" 655
"D:/Proyectos Unreal Engine/BunnyCorp/Content/Geometry/Props/Decoration/Textures/Flowers/FLOR3_LP_None_Normal.uexp" 656
"D:/Proyectos Unreal Engine/BunnyCorp/Content/Geometry/Props/Decoration/Textures/Flowers/FLOR3_LP_None_Normal.ubulk" 657
"D:/Proyectos Unreal Engine/BunnyCorp/Content/Geometry/Props/Decoration/Textures/Flowers/FLOR3_LP_None_BaseColor.uasset" 658
"D:/Proyectos Unreal Engine/BunnyCorp/Content/Geometry/Props/Decoration/Textures/Flowers/FLOR3_LP_None_BaseColor.uexp" 659
"D:/Proyectos Unreal Engine/BunnyCorp/Content/Geometry/Props/Decoration/Textures/Flowers/FLOR3_LP_None_BaseColor.ubulk" 660
"D:/Proyectos Unreal Engine/BunnyCorp/Content/Geometry/Props/Decoration/Textures/Flowers/M_Flower01.uasset" 661
"D:/Proyectos Unreal Engine/BunnyCorp/Content/Geometry/Props/Decoration/Textures/Flowers/M_Flower01.uexp" 662
"D:/Proyectos Unreal Engine/BunnyCorp/Content/Geometry/Props/Decoration/Meshes/FLOR_2_LP.uasset" 663
"D:/Proyectos Unreal Engine/BunnyCorp/Content/Geometry/Props/Decoration/Meshes/FLOR_2_LP.uexp" 664
"D:/Proyectos Unreal Engine/BunnyCorp/Content/Geometry/Props/Decoration/Textures/Flowers/FLOR1_3_LP_None_OcclusionRoughnessMetallic.uasset" 665
"D:/Proyectos Unreal Engine/BunnyCorp/Content/Geometry/Props/Decoration/Textures/Flowers/FLOR1_3_LP_None_OcclusionRoughnessMetallic.uexp" 666
"D:/Proyectos Unreal Engine/BunnyCorp/Content/Geometry/Props/Decoration/Textures/Flowers/FLOR1_3_LP_None_OcclusionRoughnessMetallic.ubulk" 667
"D:/Proyectos Unreal Engine/BunnyCorp/Content/Geometry/Props/Decoration/Textures/Flowers/FLOR1_3_LP_None_Normal.uasset" 668
"D:/Proyectos Unreal Engine/BunnyCorp/Content/Geometry/Props/Decoration/Textures/Flowers/FLOR1_3_LP_None_Normal.uexp" 669
"D:/Proyectos Unreal Engine/BunnyCorp/Content/Geometry/Props/Decoration/Textures/Flowers/FLOR1_3_LP_None_Normal.ubulk" 670
"D:/Proyectos Unreal Engine/BunnyCorp/Content/Geometry/Props/Decoration/Textures/Flowers/FLOR1_3_LP_None_BaseColor.uasset" 671
"D:/Proyectos Unreal Engine/BunnyCorp/Content/Geometry/Props/Decoration/Textures/Flowers/FLOR1_3_LP_None_BaseColor.uexp" 672
"D:/Proyectos Unreal Engine/BunnyCorp/Content/Geometry/Props/Decoration/Textures/Flowers/FLOR1_3_LP_None_BaseColor.ubulk" 673
"D:/Proyectos Unreal Engine/BunnyCorp/Content/Geometry/Props/Decoration/Textures/Flowers/M_Flower02.uasset" 674
"D:/Proyectos Unreal Engine/BunnyCorp/Content/Geometry/Props/Decoration/Textures/Flowers/M_Flower02.uexp" 675
"D:/Proyectos Unreal Engine/BunnyCorp/Content/Geometry/Props/Decoration/Meshes/FLOR_1_LP.uasset" 676
"D:/Proyectos Unreal Engine/BunnyCorp/Content/Geometry/Props/Decoration/Meshes/FLOR_1_LP.uexp" 677
"D:/Proyectos Unreal Engine/BunnyCorp/Content/Maps/LevelBlocking_BuiltData.uasset" 678
"D:/Proyectos Unreal Engine/BunnyCorp/Content/Maps/LevelBlocking_BuiltData.uexp" 679
"D:/Proyectos Unreal Engine/BunnyCorp/Content/Maps/LevelBlocking_BuiltData.ubulk" 680
"D:/Proyectos Unreal Engine/BunnyCorp/Content/Geometry/Props/Decoration/Textures/HONGO1_LP3_Material_001_OcclusionRoughnessMetallic.uasset" 681
"D:/Proyectos Unreal Engine/BunnyCorp/Content/Geometry/Props/Decoration/Textures/HONGO1_LP3_Material_001_OcclusionRoughnessMetallic.uexp" 682
"D:/Proyectos Unreal Engine/BunnyCorp/Content/Geometry/Props/Decoration/Textures/HONGO1_LP3_Material_001_OcclusionRoughnessMetallic.ubulk" 683
"D:/Proyectos Unreal Engine/BunnyCorp/Content/Geometry/Props/Decoration/Textures/HONGO1_LP3_Material_001_Normal.uasset" 684
"D:/Proyectos Unreal Engine/BunnyCorp/Content/Geometry/Props/Decoration/Textures/HONGO1_LP3_Material_001_Normal.uexp" 685
"D:/Proyectos Unreal Engine/BunnyCorp/Content/Geometry/Props/Decoration/Textures/HONGO1_LP3_Material_001_Normal.ubulk" 686
"D:/Proyectos Unreal Engine/BunnyCorp/Content/Geometry/Props/Decoration/Textures/HONGO1_LP3_Material_001_BaseColor.uasset" 687
"D:/Proyectos Unreal Engine/BunnyCorp/Content/Geometry/Props/Decoration/Textures/HONGO1_LP3_Material_001_BaseColor.uexp" 688
"D:/Proyectos Unreal Engine/BunnyCorp/Content/Geometry/Props/Decoration/Textures/HONGO1_LP3_Material_001_BaseColor.ubulk" 689
"D:/Proyectos Unreal Engine/BunnyCorp/Content/Geometry/Props/Decoration/Textures/M_Mushroom01.uasset" 690
"D:/Proyectos Unreal Engine/BunnyCorp/Content/Geometry/Props/Decoration/Textures/M_Mushroom01.uexp" 691
"D:/Proyectos Unreal Engine/BunnyCorp/Content/Geometry/Props/Decoration/Meshes/Mushroom01.uasset" 692
"D:/Proyectos Unreal Engine/BunnyCorp/Content/Geometry/Props/Decoration/Meshes/Mushroom01.uexp" 693
"D:/Proyectos Unreal Engine/BunnyCorp/Content/Geometry/Props/Factory/Textures/BC_Factory_RouighnessMap.uasset" 694
"D:/Proyectos Unreal Engine/BunnyCorp/Content/Geometry/Props/Factory/Textures/BC_Factory_RouighnessMap.uexp" 695
"D:/Proyectos Unreal Engine/BunnyCorp/Content/Geometry/Props/Factory/Textures/BC_Factory_RouighnessMap.ubulk" 696
"D:/Proyectos Unreal Engine/BunnyCorp/Content/Geometry/Props/Factory/Textures/BC_Factory_NormalMap.uasset" 697
"D:/Proyectos Unreal Engine/BunnyCorp/Content/Geometry/Props/Factory/Textures/BC_Factory_NormalMap.uexp" 698
"D:/Proyectos Unreal Engine/BunnyCorp/Content/Geometry/Props/Factory/Textures/BC_Factory_NormalMap.ubulk" 699
"D:/Proyectos Unreal Engine/BunnyCorp/Content/Geometry/Props/Factory/Textures/BC_Factory_MetallicMap.uasset" 700
"D:/Proyectos Unreal Engine/BunnyCorp/Content/Geometry/Props/Factory/Textures/BC_Factory_MetallicMap.uexp" 701
"D:/Proyectos Unreal Engine/BunnyCorp/Content/Geometry/Props/Factory/Textures/BC_Factory_MetallicMap.ubulk" 702
"D:/Proyectos Unreal Engine/BunnyCorp/Content/Geometry/Props/Factory/Textures/BC_Factory_EmissionMap.uasset" 703
"D:/Proyectos Unreal Engine/BunnyCorp/Content/Geometry/Props/Factory/Textures/BC_Factory_EmissionMap.uexp" 704
"D:/Proyectos Unreal Engine/BunnyCorp/Content/Geometry/Props/Factory/Textures/BC_Factory_EmissionMap.ubulk" 705
"D:/Proyectos Unreal Engine/BunnyCorp/Content/Geometry/Props/Factory/Textures/BC_Factory_ColorMap.uasset" 706
"D:/Proyectos Unreal Engine/BunnyCorp/Content/Geometry/Props/Factory/Textures/BC_Factory_ColorMap.uexp" 707
"D:/Proyectos Unreal Engine/BunnyCorp/Content/Geometry/Props/Factory/Textures/BC_Factory_ColorMap.ubulk" 708
"D:/Proyectos Unreal Engine/BunnyCorp/Content/Geometry/Props/Factory/Textures/M_Factory.uasset" 709
"D:/Proyectos Unreal Engine/BunnyCorp/Content/Geometry/Props/Factory/Textures/M_Factory.uexp" 710
"D:/Proyectos Unreal Engine/BunnyCorp/Content/Geometry/Props/Factory/Meshes/BC_factory_BM.uasset" 711
"D:/Proyectos Unreal Engine/BunnyCorp/Content/Geometry/Props/Factory/Meshes/BC_factory_BM.uexp" 712
"D:/Proyectos Unreal Engine/BunnyCorp/Content/Geometry/BlockingMeshes/SM_Ramp_3u.uasset" 713
"D:/Proyectos Unreal Engine/BunnyCorp/Content/Geometry/BlockingMeshes/SM_Ramp_3u.uexp" 714
"D:/Proyectos Unreal Engine/BunnyCorp/Content/Geometry/BlockingMeshes/SM_Ramp_2u.uasset" 715
"D:/Proyectos Unreal Engine/BunnyCorp/Content/Geometry/BlockingMeshes/SM_Ramp_2u.uexp" 716
"D:/Proyectos Unreal Engine/BunnyCorp/Content/Geometry/BlockingMeshes/SM_Ramp_1u.uasset" 717
"D:/Proyectos Unreal Engine/BunnyCorp/Content/Geometry/BlockingMeshes/SM_Ramp_1u.uexp" 718
"D:/Proyectos Unreal Engine/BunnyCorp/Content/Geometry/BlockingMeshes/SM_Floor_blocking_008.uasset" 719
"D:/Proyectos Unreal Engine/BunnyCorp/Content/Geometry/BlockingMeshes/SM_Floor_blocking_008.uexp" 720
"D:/Proyectos Unreal Engine/BunnyCorp/Content/Geometry/BlockingMeshes/SM_Floor_blocking_007.uasset" 721
"D:/Proyectos Unreal Engine/BunnyCorp/Content/Geometry/BlockingMeshes/SM_Floor_blocking_007.uexp" 722
"D:/Proyectos Unreal Engine/BunnyCorp/Content/Geometry/BlockingMeshes/SM_Floor_blocking_002.uasset" 723
"D:/Proyectos Unreal Engine/BunnyCorp/Content/Geometry/BlockingMeshes/SM_Floor_blocking_002.uexp" 724
"D:/Proyectos Unreal Engine/BunnyCorp/Content/Geometry/BlockingMeshes/SM_Floor_blocking_001.uasset" 725
"D:/Proyectos Unreal Engine/BunnyCorp/Content/Geometry/BlockingMeshes/SM_Floor_blocking_001.uexp" 726
"D:/Proyectos Unreal Engine/BunnyCorp/Content/Geometry/BlockingMeshes/SM_Floor_blocking.uasset" 727
"D:/Proyectos Unreal Engine/BunnyCorp/Content/Geometry/BlockingMeshes/SM_Floor_blocking.uexp" 728
"../../../Engine/Content/EngineSky/T_Sky_Stars.uasset" 729
"../../../Engine/Content/EngineSky/T_Sky_Stars.uexp" 730
"../../../Engine/Content/EngineSky/T_Sky_Stars.ubulk" 731
"../../../Engine/Content/EngineSky/T_Sky_Clouds_M.uasset" 732
"../../../Engine/Content/EngineSky/T_Sky_Clouds_M.uexp" 733
"../../../Engine/Content/EngineSky/T_Sky_Clouds_M.ubulk" 734
"../../../Engine/Content/EngineSky/T_Sky_Blue.uasset" 735
"../../../Engine/Content/EngineSky/T_Sky_Blue.uexp" 736
"../../../Engine/Content/EngineSky/T_Sky_Blue.ubulk" 737
"../../../Engine/Content/EngineSky/M_Sky_Panning_Clouds2.uasset" 738
"../../../Engine/Content/EngineSky/M_Sky_Panning_Clouds2.uexp" 739
"D:/Proyectos Unreal Engine/BunnyCorp/Content/Geometry/Props/Tree/Textures/T_Tree01_OcclusionRoughnessMetallic.uasset" 740
"D:/Proyectos Unreal Engine/BunnyCorp/Content/Geometry/Props/Tree/Textures/T_Tree01_OcclusionRoughnessMetallic.uexp" 741
"D:/Proyectos Unreal Engine/BunnyCorp/Content/Geometry/Props/Tree/Textures/T_Tree01_OcclusionRoughnessMetallic.ubulk" 742
"D:/Proyectos Unreal Engine/BunnyCorp/Content/Geometry/Props/Tree/Textures/T_Tree01_Normal.uasset" 743
"D:/Proyectos Unreal Engine/BunnyCorp/Content/Geometry/Props/Tree/Textures/T_Tree01_Normal.uexp" 744
"D:/Proyectos Unreal Engine/BunnyCorp/Content/Geometry/Props/Tree/Textures/T_Tree01_Normal.ubulk" 745
"D:/Proyectos Unreal Engine/BunnyCorp/Content/Geometry/Props/Tree/Textures/T_Tree01_BaseColor.uasset" 746
"D:/Proyectos Unreal Engine/BunnyCorp/Content/Geometry/Props/Tree/Textures/T_Tree01_BaseColor.uexp" 747
"D:/Proyectos Unreal Engine/BunnyCorp/Content/Geometry/Props/Tree/Textures/T_Tree01_BaseColor.ubulk" 748
"D:/Proyectos Unreal Engine/BunnyCorp/Content/Geometry/Props/Tree/Textures/M_Tree01.uasset" 749
"D:/Proyectos Unreal Engine/BunnyCorp/Content/Geometry/Props/Tree/Textures/M_Tree01.uexp" 750
"D:/Proyectos Unreal Engine/BunnyCorp/Content/Geometry/Props/Tree/Meshes/Tree01.uasset" 751
"D:/Proyectos Unreal Engine/BunnyCorp/Content/Geometry/Props/Tree/Meshes/Tree01.uexp" 752
"D:/Proyectos Unreal Engine/BunnyCorp/Content/Geometry/Props/Pickups/Textures/T_orange_basecolor.uasset" 753
"D:/Proyectos Unreal Engine/BunnyCorp/Content/Geometry/Props/Pickups/Textures/T_orange_basecolor.uexp" 754
"D:/Proyectos Unreal Engine/BunnyCorp/Content/Geometry/Props/Pickups/Textures/T_orange_basecolor.ubulk" 755
"D:/Proyectos Unreal Engine/BunnyCorp/Content/Geometry/Props/Pickups/Textures/ORANGE_LP__null__OcclusionRoughnessMetallic.uasset" 756
"D:/Proyectos Unreal Engine/BunnyCorp/Content/Geometry/Props/Pickups/Textures/ORANGE_LP__null__OcclusionRoughnessMetallic.uexp" 757
"D:/Proyectos Unreal Engine/BunnyCorp/Content/Geometry/Props/Pickups/Textures/ORANGE_LP__null__OcclusionRoughnessMetallic.ubulk" 758
"D:/Proyectos Unreal Engine/BunnyCorp/Content/Geometry/Props/Pickups/Textures/ORANGE_LP__null__Normal.uasset" 759
"D:/Proyectos Unreal Engine/BunnyCorp/Content/Geometry/Props/Pickups/Textures/ORANGE_LP__null__Normal.uexp" 760
"D:/Proyectos Unreal Engine/BunnyCorp/Content/Geometry/Props/Pickups/Textures/ORANGE_LP__null__Normal.ubulk" 761
"D:/Proyectos Unreal Engine/BunnyCorp/Content/Geometry/Props/Pickups/Textures/M_Orange.uasset" 762
"D:/Proyectos Unreal Engine/BunnyCorp/Content/Geometry/Props/Pickups/Textures/M_Orange.uexp" 763
"D:/Proyectos Unreal Engine/BunnyCorp/Content/Geometry/Props/Pickups/Meshes/NARANJA_LOWPOLY.uasset" 764
"D:/Proyectos Unreal Engine/BunnyCorp/Content/Geometry/Props/Pickups/Meshes/NARANJA_LOWPOLY.uexp" 765
"D:/Proyectos Unreal Engine/BunnyCorp/Content/Blueprints/Actors/BP_AppleTreeLarge.uasset" 766
"D:/Proyectos Unreal Engine/BunnyCorp/Content/Blueprints/Actors/BP_AppleTreeLarge.uexp" 767
"D:/Proyectos Unreal Engine/BunnyCorp/Content/Geometry/Props/Pickups/Textures/T_carrot_basecolor.uasset" 768
"D:/Proyectos Unreal Engine/BunnyCorp/Content/Geometry/Props/Pickups/Textures/T_carrot_basecolor.uexp" 769
"D:/Proyectos Unreal Engine/BunnyCorp/Content/Geometry/Props/Pickups/Textures/T_carrot_basecolor.ubulk" 770
"D:/Proyectos Unreal Engine/BunnyCorp/Content/Geometry/Props/Pickups/Textures/CARROT_LP__null__OcclusionRoughnessMetallic.uasset" 771
"D:/Proyectos Unreal Engine/BunnyCorp/Content/Geometry/Props/Pickups/Textures/CARROT_LP__null__OcclusionRoughnessMetallic.uexp" 772
"D:/Proyectos Unreal Engine/BunnyCorp/Content/Geometry/Props/Pickups/Textures/CARROT_LP__null__OcclusionRoughnessMetallic.ubulk" 773
"D:/Proyectos Unreal Engine/BunnyCorp/Content/Geometry/Props/Pickups/Textures/CARROT_LP__null__Normal.uasset" 774
"D:/Proyectos Unreal Engine/BunnyCorp/Content/Geometry/Props/Pickups/Textures/CARROT_LP__null__Normal.uexp" 775
"D:/Proyectos Unreal Engine/BunnyCorp/Content/Geometry/Props/Pickups/Textures/CARROT_LP__null__Normal.ubulk" 776
"D:/Proyectos Unreal Engine/BunnyCorp/Content/Geometry/Props/Pickups/Textures/M_Carrot.uasset" 777
"D:/Proyectos Unreal Engine/BunnyCorp/Content/Geometry/Props/Pickups/Textures/M_Carrot.uexp" 778
"D:/Proyectos Unreal Engine/BunnyCorp/Content/Geometry/Props/Pickups/Meshes/ZANAHORIA_LOWPOLY.uasset" 779
"D:/Proyectos Unreal Engine/BunnyCorp/Content/Geometry/Props/Pickups/Meshes/ZANAHORIA_LOWPOLY.uexp" 780
"D:/Proyectos Unreal Engine/BunnyCorp/Content/Geometry/BlockingMeshes/SM_carrotGround_proxy.uasset" 781
"D:/Proyectos Unreal Engine/BunnyCorp/Content/Geometry/BlockingMeshes/SM_carrotGround_proxy.uexp" 782
"D:/Proyectos Unreal Engine/BunnyCorp/Content/Blueprints/Actors/AC_CarrotPick_01.uasset" 783
"D:/Proyectos Unreal Engine/BunnyCorp/Content/Blueprints/Actors/AC_CarrotPick_01.uexp" 784
"D:/Proyectos Unreal Engine/BunnyCorp/Content/Geometry/Props/Tree/Textures/T_Tree02_OcclusionRoughnessMetallic.uasset" 785
"D:/Proyectos Unreal Engine/BunnyCorp/Content/Geometry/Props/Tree/Textures/T_Tree02_OcclusionRoughnessMetallic.uexp" 786
"D:/Proyectos Unreal Engine/BunnyCorp/Content/Geometry/Props/Tree/Textures/T_Tree02_OcclusionRoughnessMetallic.ubulk" 787
"D:/Proyectos Unreal Engine/BunnyCorp/Content/Geometry/Props/Tree/Textures/T_Tree02_Normal.uasset" 788
"D:/Proyectos Unreal Engine/BunnyCorp/Content/Geometry/Props/Tree/Textures/T_Tree02_Normal.uexp" 789
"D:/Proyectos Unreal Engine/BunnyCorp/Content/Geometry/Props/Tree/Textures/T_Tree02_Normal.ubulk" 790
"D:/Proyectos Unreal Engine/BunnyCorp/Content/Geometry/Props/Tree/Textures/T_Tree02_BaseColor.uasset" 791
"D:/Proyectos Unreal Engine/BunnyCorp/Content/Geometry/Props/Tree/Textures/T_Tree02_BaseColor.uexp" 792
"D:/Proyectos Unreal Engine/BunnyCorp/Content/Geometry/Props/Tree/Textures/T_Tree02_BaseColor.ubulk" 793
"D:/Proyectos Unreal Engine/BunnyCorp/Content/Geometry/Props/Tree/Textures/M_Tree02.uasset" 794
"D:/Proyectos Unreal Engine/BunnyCorp/Content/Geometry/Props/Tree/Textures/M_Tree02.uexp" 795
"D:/Proyectos Unreal Engine/BunnyCorp/Content/Geometry/Props/Tree/Meshes/Tree02.uasset" 796
"D:/Proyectos Unreal Engine/BunnyCorp/Content/Geometry/Props/Tree/Meshes/Tree02.uexp" 797
"D:/Proyectos Unreal Engine/BunnyCorp/Content/Blueprints/Actors/BP_AppleTree.uasset" 798
"D:/Proyectos Unreal Engine/BunnyCorp/Content/Blueprints/Actors/BP_AppleTree.uexp" 799
"../../../Engine/Content/EngineSky/SM_SkySphere.uasset" 800
"../../../Engine/Content/EngineSky/SM_SkySphere.uexp" 801
"../../../Engine/Content/EngineSky/C_Sky_Zenith_Color.uasset" 802
"../../../Engine/Content/EngineSky/C_Sky_Zenith_Color.uexp" 803
"../../../Engine/Content/EngineSky/C_Sky_Horizon_Color.uasset" 804
"../../../Engine/Content/EngineSky/C_Sky_Horizon_Color.uexp" 805
"../../../Engine/Content/EngineSky/C_Sky_Cloud_Color.uasset" 806
"../../../Engine/Content/EngineSky/C_Sky_Cloud_Color.uexp" 807
"../../../Engine/Content/EngineSky/BP_Sky_Sphere.uasset" 808
"../../../Engine/Content/EngineSky/BP_Sky_Sphere.uexp" 809
"D:/Proyectos Unreal Engine/BunnyCorp/Content/Maps/LevelBlocking.uexp" 810
"D:/Proyectos Unreal Engine/BunnyCorp/Content/Maps/LevelBlocking.umap" 811
"D:/Proyectos Unreal Engine/BunnyCorp/Content/Geometry/BlockingMeshes/SM_Pedro_proxy.uasset" 812
"D:/Proyectos Unreal Engine/BunnyCorp/Content/Geometry/BlockingMeshes/SM_Pedro_proxy.uexp" 813
"D:/Proyectos Unreal Engine/BunnyCorp/Content/Geometry/BlockingMeshes/SM_Enriqueta_proxy.uasset" 814
"D:/Proyectos Unreal Engine/BunnyCorp/Content/Geometry/BlockingMeshes/SM_Enriqueta_proxy.uexp" 815
"../../../Engine/Content/MapTemplates/SM_Template_Map_Floor.uasset" 816
"../../../Engine/Content/MapTemplates/SM_Template_Map_Floor.uexp" 817
"D:/Proyectos Unreal Engine/BunnyCorp/Content/Maps/TestMap_BuiltData.uasset" 818
"D:/Proyectos Unreal Engine/BunnyCorp/Content/Maps/TestMap_BuiltData.uexp" 819
"D:/Proyectos Unreal Engine/BunnyCorp/Content/Maps/TestMap_BuiltData.ubulk" 820
"D:/Proyectos Unreal Engine/BunnyCorp/Content/Maps/TestMap.uexp" 821
"D:/Proyectos Unreal Engine/BunnyCorp/Content/Maps/TestMap.umap" 822
"../../../Engine/Content/Maps/Entry_BuiltData.uasset" 823
"../../../Engine/Content/Maps/Entry_BuiltData.uexp" 824
"../../../Engine/Content/Maps/Entry.uexp" 825
"../../../Engine/Content/Maps/Entry.umap" 826
